#
# There is insufficient memory for the Java Runtime Environment to continue.
# Native memory allocation (malloc) failed to allocate 2157616 bytes for Chunk::new
# Possible reasons:
#   The system is out of physical RAM or swap space
#   The process is running with CompressedOops enabled, and the Java Heap may be blocking the growth of the native heap
# Possible solutions:
#   Reduce memory load on the system
#   Increase physical memory or swap space
#   Check if swap backing store is full
#   Decrease Java heap size (-Xmx/-Xms)
#   Decrease number of Java threads
#   Decrease Java thread stack sizes (-Xss)
#   Set larger code cache with -XX:ReservedCodeCacheSize=
#   JVM is running with Unscaled Compressed Oops mode in which the Java heap is
#     placed in the first 4GB address space. The Java Heap base address is the
#     maximum limit for the native heap growth. Please use -XX:HeapBaseMinAddress
#     to set the Java Heap base and to place the Java Heap above 4GB virtual address.
# This output file may be truncated or incomplete.
#
#  Out of Memory Error (arena.cpp:189), pid=14628, tid=10512
#
# JRE version: OpenJDK Runtime Environment Temurin-17.0.7+7 (17.0.7+7) (build 17.0.7+7)
# Java VM: OpenJDK 64-Bit Server VM Temurin-17.0.7+7 (17.0.7+7, mixed mode, tiered, compressed oops, compressed class ptrs, g1 gc, windows-amd64)
# No core dump will be written. Minidumps are not enabled by default on client versions of Windows
#

---------------  S U M M A R Y ------------

Command Line: -Dfile.encoding=UTF-8 -XX:+ShowCodeDetailsInExceptionMessages com.gl.todo.ToDoListApplication

Host: Intel(R) Core(TM) i5-7200U CPU @ 2.50GHz, 4 cores, 3G,  Windows 11 , 64 bit Build 22621 (10.0.22621.3085)
Time: Sat Feb  3 13:11:40 2024 India Standard Time elapsed time: 9.140751 seconds (0d 0h 0m 9s)

---------------  T H R E A D  ---------------

Current thread (0x000001d78414cf50):  JavaThread "C2 CompilerThread0" daemon [_thread_in_native, id=10512, stack(0x0000004e1e900000,0x0000004e1ea00000)]


Current CompileTask:
C2:   9140 4536       4       jdk.internal.org.objectweb.asm.Frame::execute (2305 bytes)

Stack: [0x0000004e1e900000,0x0000004e1ea00000]
Native frames: (J=compiled Java code, j=interpreted, Vv=VM code, C=native code)
V  [jvm.dll+0x67754a]
V  [jvm.dll+0x834304]
V  [jvm.dll+0x835aae]
V  [jvm.dll+0x836113]
V  [jvm.dll+0x24696f]
V  [jvm.dll+0xac0ac]
V  [jvm.dll+0xac67c]
V  [jvm.dll+0x364de2]
V  [jvm.dll+0x32f6b1]
V  [jvm.dll+0x32eb5a]
V  [jvm.dll+0x219641]
V  [jvm.dll+0x218a61]
V  [jvm.dll+0x1a4d8d]
V  [jvm.dll+0x2284da]
V  [jvm.dll+0x226615]
V  [jvm.dll+0x7ea90b]
V  [jvm.dll+0x7e4e7a]
V  [jvm.dll+0x676395]
C  [ucrtbase.dll+0x29363]
C  [KERNEL32.DLL+0x1257d]
C  [ntdll.dll+0x5aa58]


---------------  P R O C E S S  ---------------

Threads class SMR info:
_java_thread_list=0x000001d785e91fc0, length=22, elements={
0x000001d7e2eaa5a0, 0x000001d7fbe96850, 0x000001d7fbece030, 0x000001d7fbeb5400,
0x000001d7fbeb6fc0, 0x000001d7fbeb7a70, 0x000001d7fbeb8420, 0x000001d78414cf50,
0x000001d784154fd0, 0x000001d784167c70, 0x000001d78428c290, 0x000001d7842af600,
0x000001d784f1a430, 0x000001d784f21540, 0x000001d786388e80, 0x000001d78655d280,
0x000001d784aba040, 0x000001d7866d4920, 0x000001d78665f050, 0x000001d786660860,
0x000001d786662540, 0x000001d78665f520
}

Java Threads: ( => current thread )
  0x000001d7e2eaa5a0 JavaThread "main" [_thread_blocked, id=11124, stack(0x0000004e1dc00000,0x0000004e1dd00000)]
  0x000001d7fbe96850 JavaThread "Reference Handler" daemon [_thread_blocked, id=16756, stack(0x0000004e1e300000,0x0000004e1e400000)]
  0x000001d7fbece030 JavaThread "Finalizer" daemon [_thread_blocked, id=10224, stack(0x0000004e1e400000,0x0000004e1e500000)]
  0x000001d7fbeb5400 JavaThread "Signal Dispatcher" daemon [_thread_blocked, id=3964, stack(0x0000004e1e500000,0x0000004e1e600000)]
  0x000001d7fbeb6fc0 JavaThread "Attach Listener" daemon [_thread_blocked, id=9044, stack(0x0000004e1e600000,0x0000004e1e700000)]
  0x000001d7fbeb7a70 JavaThread "Service Thread" daemon [_thread_blocked, id=17960, stack(0x0000004e1e700000,0x0000004e1e800000)]
  0x000001d7fbeb8420 JavaThread "Monitor Deflation Thread" daemon [_thread_blocked, id=7452, stack(0x0000004e1e800000,0x0000004e1e900000)]
=>0x000001d78414cf50 JavaThread "C2 CompilerThread0" daemon [_thread_in_native, id=10512, stack(0x0000004e1e900000,0x0000004e1ea00000)]
  0x000001d784154fd0 JavaThread "C1 CompilerThread0" daemon [_thread_in_vm, id=3640, stack(0x0000004e1ea00000,0x0000004e1eb00000)]
  0x000001d784167c70 JavaThread "Sweeper thread" daemon [_thread_blocked, id=7108, stack(0x0000004e1eb00000,0x0000004e1ec00000)]
  0x000001d78428c290 JavaThread "Notification Thread" daemon [_thread_blocked, id=9096, stack(0x0000004e1ec00000,0x0000004e1ed00000)]
  0x000001d7842af600 JavaThread "Common-Cleaner" daemon [_thread_blocked, id=19192, stack(0x0000004e1ee00000,0x0000004e1ef00000)]
  0x000001d784f1a430 JavaThread "Thread-0" [_thread_blocked, id=19252, stack(0x0000004e1f200000,0x0000004e1f300000)]
  0x000001d784f21540 JavaThread "restartedMain" [_thread_in_Java, id=8312, stack(0x0000004e1f300000,0x0000004e1f400000)]
  0x000001d786388e80 JavaThread "Catalina-utility-1" [_thread_blocked, id=4876, stack(0x0000004e1f400000,0x0000004e1f500000)]
  0x000001d78655d280 JavaThread "Catalina-utility-2" [_thread_blocked, id=8364, stack(0x0000004e1f500000,0x0000004e1f600000)]
  0x000001d784aba040 JavaThread "container-0" [_thread_blocked, id=19088, stack(0x0000004e1f600000,0x0000004e1f700000)]
  0x000001d7866d4920 JavaThread "mysql-cj-abandoned-connection-cleanup" daemon [_thread_blocked, id=5180, stack(0x0000004e1f700000,0x0000004e1f800000)]
  0x000001d78665f050 JavaThread "HikariPool-1 network timeout executor" daemon [_thread_blocked, id=12728, stack(0x0000004e1f900000,0x0000004e1fa00000)]
  0x000001d786660860 JavaThread "HikariPool-1 housekeeper" daemon [_thread_blocked, id=10956, stack(0x0000004e1fa00000,0x0000004e1fb00000)]
  0x000001d786662540 JavaThread "HikariPool-1 connection adder" daemon [_thread_blocked, id=2928, stack(0x0000004e1fb00000,0x0000004e1fc00000)]
  0x000001d78665f520 JavaThread "HikariPool-1 network timeout executor" daemon [_thread_blocked, id=1816, stack(0x0000004e1fc00000,0x0000004e1fd00000)]

Other Threads:
  0x000001d7fbe93510 VMThread "VM Thread" [stack: 0x0000004e1e200000,0x0000004e1e300000] [id=6976]
  0x000001d784290780 WatcherThread [stack: 0x0000004e1ed00000,0x0000004e1ee00000] [id=10908]
  0x000001d7e2ee8b50 GCTaskThread "GC Thread#0" [stack: 0x0000004e1dd00000,0x0000004e1de00000] [id=18636]
  0x000001d78494e560 GCTaskThread "GC Thread#1" [stack: 0x0000004e1ef00000,0x0000004e1f000000] [id=7544]
  0x000001d784fef020 GCTaskThread "GC Thread#2" [stack: 0x0000004e1f000000,0x0000004e1f100000] [id=6040]
  0x000001d784ef87f0 GCTaskThread "GC Thread#3" [stack: 0x0000004e1f100000,0x0000004e1f200000] [id=15704]
  0x000001d7e2ef1790 ConcurrentGCThread "G1 Main Marker" [stack: 0x0000004e1de00000,0x0000004e1df00000] [id=19092]
  0x000001d7e2ef2940 ConcurrentGCThread "G1 Conc#0" [stack: 0x0000004e1df00000,0x0000004e1e000000] [id=18680]
  0x000001d7e2f40bc0 ConcurrentGCThread "G1 Refine#0" [stack: 0x0000004e1e000000,0x0000004e1e100000] [id=15672]
  0x000001d7e2f415e0 ConcurrentGCThread "G1 Service" [stack: 0x0000004e1e100000,0x0000004e1e200000] [id=16520]

Threads with active compile tasks:
C2 CompilerThread0     9220 4536       4       jdk.internal.org.objectweb.asm.Frame::execute (2305 bytes)
C1 CompilerThread0     9220 4667       2       java.util.ServiceLoader$ModuleServicesLookupIterator::iteratorFor (191 bytes)

VM state: not at safepoint (normal execution)

VM Mutex/Monitor currently owned by a thread: None

Heap address: 0x00000000c1800000, size: 1000 MB, Compressed Oops mode: 32-bit

CDS archive(s) not mapped
Compressed class space mapped at: 0x0000000100000000-0x0000000140000000, reserved size: 1073741824
Narrow klass base: 0x0000000000000000, Narrow klass shift: 3, Narrow klass range: 0x140000000

GC Precious Log:
 CPUs: 4 total, 4 available
 Memory: 3994M
 Large Page Support: Disabled
 NUMA Support: Disabled
 Compressed Oops: Enabled (32-bit)
 Heap Region Size: 1M
 Heap Min Capacity: 8M
 Heap Initial Capacity: 64M
 Heap Max Capacity: 1000M
 Pre-touch: Disabled
 Parallel Workers: 4
 Concurrent Workers: 1
 Concurrent Refinement Workers: 4
 Periodic GC: Disabled

Heap:
 garbage-first heap   total 46080K, used 31857K [0x00000000c1800000, 0x0000000100000000)
  region size 1024K, 15 young (15360K), 3 survivors (3072K)
 Metaspace       used 54051K, committed 54592K, reserved 1114112K
  class space    used 6660K, committed 6912K, reserved 1048576K

Heap Regions: E=young(eden), S=young(survivor), O=old, HS=humongous(starts), HC=humongous(continues), CS=collection set, F=free, OA=open archive, CA=closed archive, TAMS=top-at-mark-start (previous, next)
|   0|0x00000000c1800000, 0x00000000c1900000, 0x00000000c1900000|100%|HS|  |TAMS 0x00000000c1900000, 0x00000000c1800000| Complete 
|   1|0x00000000c1900000, 0x00000000c1a00000, 0x00000000c1a00000|100%| O|  |TAMS 0x00000000c1a00000, 0x00000000c1900000| Untracked 
|   2|0x00000000c1a00000, 0x00000000c1b00000, 0x00000000c1b00000|100%| O|  |TAMS 0x00000000c1b00000, 0x00000000c1a00000| Untracked 
|   3|0x00000000c1b00000, 0x00000000c1c00000, 0x00000000c1c00000|100%| O|  |TAMS 0x00000000c1c00000, 0x00000000c1b00000| Untracked 
|   4|0x00000000c1c00000, 0x00000000c1d00000, 0x00000000c1d00000|100%| O|  |TAMS 0x00000000c1d00000, 0x00000000c1c00000| Untracked 
|   5|0x00000000c1d00000, 0x00000000c1e00000, 0x00000000c1e00000|100%| O|  |TAMS 0x00000000c1e00000, 0x00000000c1d00000| Untracked 
|   6|0x00000000c1e00000, 0x00000000c1f00000, 0x00000000c1f00000|100%| O|  |TAMS 0x00000000c1f00000, 0x00000000c1e00000| Untracked 
|   7|0x00000000c1f00000, 0x00000000c2000000, 0x00000000c2000000|100%| O|  |TAMS 0x00000000c2000000, 0x00000000c1f00000| Untracked 
|   8|0x00000000c2000000, 0x00000000c2100000, 0x00000000c2100000|100%| O|  |TAMS 0x00000000c2100000, 0x00000000c2000000| Untracked 
|   9|0x00000000c2100000, 0x00000000c2200000, 0x00000000c2200000|100%| O|  |TAMS 0x00000000c2200000, 0x00000000c2100000| Untracked 
|  10|0x00000000c2200000, 0x00000000c2300000, 0x00000000c2300000|100%| O|  |TAMS 0x00000000c2300000, 0x00000000c2200000| Untracked 
|  11|0x00000000c2300000, 0x00000000c2400000, 0x00000000c2400000|100%| O|  |TAMS 0x00000000c2400000, 0x00000000c2300000| Untracked 
|  12|0x00000000c2400000, 0x00000000c2500000, 0x00000000c2500000|100%| O|  |TAMS 0x00000000c2500000, 0x00000000c2400000| Untracked 
|  13|0x00000000c2500000, 0x00000000c2600000, 0x00000000c2600000|100%| O|  |TAMS 0x00000000c2600000, 0x00000000c2500000| Untracked 
|  14|0x00000000c2600000, 0x00000000c2700000, 0x00000000c2700000|100%| O|  |TAMS 0x00000000c2700000, 0x00000000c2600000| Untracked 
|  15|0x00000000c2700000, 0x00000000c2800000, 0x00000000c2800000|100%| O|  |TAMS 0x00000000c2800000, 0x00000000c2700000| Untracked 
|  16|0x00000000c2800000, 0x00000000c2900000, 0x00000000c2900000|100%| O|  |TAMS 0x00000000c282b600, 0x00000000c2800000| Untracked 
|  17|0x00000000c2900000, 0x00000000c291c600, 0x00000000c2a00000| 11%| O|  |TAMS 0x00000000c2900000, 0x00000000c2900000| Untracked 
|  18|0x00000000c2a00000, 0x00000000c2a00000, 0x00000000c2b00000|  0%| F|  |TAMS 0x00000000c2a00000, 0x00000000c2a00000| Untracked 
|  19|0x00000000c2b00000, 0x00000000c2b00000, 0x00000000c2c00000|  0%| F|  |TAMS 0x00000000c2b00000, 0x00000000c2b00000| Untracked 
|  20|0x00000000c2c00000, 0x00000000c2c00000, 0x00000000c2d00000|  0%| F|  |TAMS 0x00000000c2c00000, 0x00000000c2c00000| Untracked 
|  21|0x00000000c2d00000, 0x00000000c2d00000, 0x00000000c2e00000|  0%| F|  |TAMS 0x00000000c2d00000, 0x00000000c2d00000| Untracked 
|  22|0x00000000c2e00000, 0x00000000c2e00000, 0x00000000c2f00000|  0%| F|  |TAMS 0x00000000c2e00000, 0x00000000c2e00000| Untracked 
|  23|0x00000000c2f00000, 0x00000000c2f00000, 0x00000000c3000000|  0%| F|  |TAMS 0x00000000c2f00000, 0x00000000c2f00000| Untracked 
|  24|0x00000000c3000000, 0x00000000c3100000, 0x00000000c3100000|100%| S|CS|TAMS 0x00000000c3000000, 0x00000000c3000000| Complete 
|  25|0x00000000c3100000, 0x00000000c3200000, 0x00000000c3200000|100%| S|CS|TAMS 0x00000000c3100000, 0x00000000c3100000| Complete 
|  26|0x00000000c3200000, 0x00000000c3300000, 0x00000000c3300000|100%| S|CS|TAMS 0x00000000c3200000, 0x00000000c3200000| Complete 
|  27|0x00000000c3300000, 0x00000000c3300000, 0x00000000c3400000|  0%| F|  |TAMS 0x00000000c3300000, 0x00000000c3300000| Untracked 
|  28|0x00000000c3400000, 0x00000000c3400000, 0x00000000c3500000|  0%| F|  |TAMS 0x00000000c3400000, 0x00000000c3400000| Untracked 
|  29|0x00000000c3500000, 0x00000000c3500000, 0x00000000c3600000|  0%| F|  |TAMS 0x00000000c3500000, 0x00000000c3500000| Untracked 
|  30|0x00000000c3600000, 0x00000000c3600000, 0x00000000c3700000|  0%| F|  |TAMS 0x00000000c3600000, 0x00000000c3600000| Untracked 
|  31|0x00000000c3700000, 0x00000000c3700000, 0x00000000c3800000|  0%| F|  |TAMS 0x00000000c3700000, 0x00000000c3700000| Untracked 
|  32|0x00000000c3800000, 0x00000000c3800000, 0x00000000c3900000|  0%| F|  |TAMS 0x00000000c3800000, 0x00000000c3800000| Untracked 
|  33|0x00000000c3900000, 0x00000000c39cc8d0, 0x00000000c3a00000| 79%| E|  |TAMS 0x00000000c3900000, 0x00000000c3900000| Complete 
|  34|0x00000000c3a00000, 0x00000000c3b00000, 0x00000000c3b00000|100%| E|CS|TAMS 0x00000000c3a00000, 0x00000000c3a00000| Complete 
|  35|0x00000000c3b00000, 0x00000000c3c00000, 0x00000000c3c00000|100%| E|CS|TAMS 0x00000000c3b00000, 0x00000000c3b00000| Complete 
|  36|0x00000000c3c00000, 0x00000000c3d00000, 0x00000000c3d00000|100%| E|CS|TAMS 0x00000000c3c00000, 0x00000000c3c00000| Complete 
|  37|0x00000000c3d00000, 0x00000000c3e00000, 0x00000000c3e00000|100%| E|CS|TAMS 0x00000000c3d00000, 0x00000000c3d00000| Complete 
|  38|0x00000000c3e00000, 0x00000000c3f00000, 0x00000000c3f00000|100%| E|CS|TAMS 0x00000000c3e00000, 0x00000000c3e00000| Complete 
|  39|0x00000000c3f00000, 0x00000000c4000000, 0x00000000c4000000|100%| E|CS|TAMS 0x00000000c3f00000, 0x00000000c3f00000| Complete 
|  40|0x00000000c4000000, 0x00000000c4100000, 0x00000000c4100000|100%| E|CS|TAMS 0x00000000c4000000, 0x00000000c4000000| Complete 
|  58|0x00000000c5200000, 0x00000000c5300000, 0x00000000c5300000|100%| E|CS|TAMS 0x00000000c5200000, 0x00000000c5200000| Complete 
|  59|0x00000000c5300000, 0x00000000c5400000, 0x00000000c5400000|100%| E|CS|TAMS 0x00000000c5300000, 0x00000000c5300000| Complete 
|  60|0x00000000c5400000, 0x00000000c5500000, 0x00000000c5500000|100%| E|CS|TAMS 0x00000000c5400000, 0x00000000c5400000| Complete 
|  63|0x00000000c5700000, 0x00000000c5800000, 0x00000000c5800000|100%| E|CS|TAMS 0x00000000c5700000, 0x00000000c5700000| Complete 

Card table byte_map: [0x000001d7f75a0000,0x000001d7f77a0000] _byte_map_base: 0x000001d7f6f94000

Marking Bits (Prev, Next): (CMBitMap*) 0x000001d7e2ee91a0, (CMBitMap*) 0x000001d7e2ee9160
 Prev Bits: [0x000001d7f8940000, 0x000001d7f98e0000)
 Next Bits: [0x000001d7f79a0000, 0x000001d7f8940000)

Polling page: 0x000001d7e2d40000

Metaspace:

Usage:
  Non-class:     46.29 MB used.
      Class:      6.50 MB used.
       Both:     52.79 MB used.

Virtual space:
  Non-class space:       64.00 MB reserved,      46.56 MB ( 73%) committed,  1 nodes.
      Class space:        1.00 GB reserved,       6.75 MB ( <1%) committed,  1 nodes.
             Both:        1.06 GB reserved,      53.31 MB (  5%) committed. 

Chunk freelists:
   Non-Class:  1.36 MB
       Class:  9.22 MB
        Both:  10.58 MB

MaxMetaspaceSize: unlimited
CompressedClassSpaceSize: 1.00 GB
Initial GC threshold: 21.00 MB
Current GC threshold: 65.25 MB
CDS: off
MetaspaceReclaimPolicy: balanced
 - commit_granule_bytes: 65536.
 - commit_granule_words: 8192.
 - virtual_space_node_default_size: 8388608.
 - enlarge_chunks_in_place: 1.
 - new_chunks_are_fully_committed: 0.
 - uncommit_free_chunks: 1.
 - use_allocation_guard: 0.
 - handle_deallocations: 1.


Internal statistics:

num_allocs_failed_limit: 8.
num_arena_births: 592.
num_arena_deaths: 0.
num_vsnodes_births: 2.
num_vsnodes_deaths: 0.
num_space_committed: 853.
num_space_uncommitted: 0.
num_chunks_returned_to_freelist: 8.
num_chunks_taken_from_freelist: 2120.
num_chunk_merges: 8.
num_chunk_splits: 1481.
num_chunks_enlarged: 1117.
num_inconsistent_stats: 0.

CodeHeap 'non-profiled nmethods': size=120000Kb used=1939Kb max_used=1939Kb free=118060Kb
 bounds [0x000001d7ef850000, 0x000001d7efac0000, 0x000001d7f6d80000]
CodeHeap 'profiled nmethods': size=120000Kb used=8804Kb max_used=8804Kb free=111195Kb
 bounds [0x000001d7e7d80000, 0x000001d7e8620000, 0x000001d7ef2b0000]
CodeHeap 'non-nmethods': size=5760Kb used=1284Kb max_used=1322Kb free=4475Kb
 bounds [0x000001d7ef2b0000, 0x000001d7ef520000, 0x000001d7ef850000]
 total_blobs=5248 nmethods=4647 adapters=513
 compilation: enabled
              stopped_count=0, restarted_count=0
 full_count=0

Compilation events (20 events):
Event: 9.084 Thread 0x000001d784154fd0 4624       3       com.sun.crypto.provider.GHASH::update (9 bytes)
Event: 9.085 Thread 0x000001d784154fd0 nmethod 4624 0x000001d7e8603110 code [0x000001d7e86032c0, 0x000001d7e8603408]
Event: 9.085 Thread 0x000001d784154fd0 4626       3       com.sun.crypto.provider.GCTR::update (208 bytes)
Event: 9.086 Thread 0x000001d784154fd0 nmethod 4626 0x000001d7e8603510 code [0x000001d7e8603780, 0x000001d7e86042f8]
Event: 9.086 Thread 0x000001d784154fd0 4627       3       sun.security.jca.ProviderList$ServiceList::addService (60 bytes)
Event: 9.086 Thread 0x000001d784154fd0 nmethod 4627 0x000001d7e8604790 code [0x000001d7e86049a0, 0x000001d7e8605188]
Event: 9.086 Thread 0x000001d784154fd0 4628       3       java.nio.HeapByteBuffer::put (64 bytes)
Event: 9.087 Thread 0x000001d784154fd0 nmethod 4628 0x000001d7e8605410 code [0x000001d7e8605640, 0x000001d7e8605eb8]
Event: 9.087 Thread 0x000001d784154fd0 4629       3       com.sun.crypto.provider.GaloisCounterMode$GCMDecrypt::doFinal (512 bytes)
Event: 9.091 Thread 0x000001d784154fd0 nmethod 4629 0x000001d7e8606210 code [0x000001d7e8606780, 0x000001d7e86096c8]
Event: 9.091 Thread 0x000001d784154fd0 4630       3       sun.nio.ch.NioSocketImpl::timedRead (85 bytes)
Event: 9.092 Thread 0x000001d784154fd0 nmethod 4630 0x000001d7e860a790 code [0x000001d7e860a980, 0x000001d7e860ae98]
Event: 9.092 Thread 0x000001d784154fd0 4632       3       com.mysql.cj.protocol.a.MultiPacketReader::readMessage (154 bytes)
Event: 9.093 Thread 0x000001d784154fd0 nmethod 4632 0x000001d7e860b090 code [0x000001d7e860b380, 0x000001d7e860c458]
Event: 9.093 Thread 0x000001d784154fd0 4631       1       java.nio.ByteBuffer::base (5 bytes)
Event: 9.093 Thread 0x000001d784154fd0 nmethod 4631 0x000001d7efa33910 code [0x000001d7efa33aa0, 0x000001d7efa33b78]
Event: 9.106 Thread 0x000001d784154fd0 4634       3       java.util.Spliterators$ArraySpliterator::<init> (33 bytes)
Event: 9.106 Thread 0x000001d784154fd0 nmethod 4634 0x000001d7e860cb90 code [0x000001d7e860cd20, 0x000001d7e860cef8]
Event: 9.114 Thread 0x000001d784154fd0 4635       3       org.jboss.logging.Slf4jLocationAwareLogger::isEnabled (114 bytes)
Event: 9.114 Thread 0x000001d784154fd0 nmethod 4635 0x000001d7e860cf90 code [0x000001d7e860d220, 0x000001d7e860daf8]

GC Heap History (20 events):
Event: 3.462 GC heap before
{Heap before GC invocations=6 (full 0):
 garbage-first heap   total 37888K, used 11867K [0x00000000c1800000, 0x0000000100000000)
  region size 1024K, 4 young (4096K), 3 survivors (3072K)
 Metaspace       used 25875K, committed 26112K, reserved 1114112K
  class space    used 2876K, committed 3008K, reserved 1048576K
}
Event: 3.465 GC heap after
{Heap after GC invocations=7 (full 0):
 garbage-first heap   total 37888K, used 11033K [0x00000000c1800000, 0x0000000100000000)
  region size 1024K, 1 young (1024K), 1 survivors (1024K)
 Metaspace       used 25875K, committed 26112K, reserved 1114112K
  class space    used 2876K, committed 3008K, reserved 1048576K
}
Event: 3.848 GC heap before
{Heap before GC invocations=7 (full 0):
 garbage-first heap   total 37888K, used 24345K [0x00000000c1800000, 0x0000000100000000)
  region size 1024K, 14 young (14336K), 1 survivors (1024K)
 Metaspace       used 27136K, committed 27392K, reserved 1114112K
  class space    used 3023K, committed 3136K, reserved 1048576K
}
Event: 3.851 GC heap after
{Heap after GC invocations=8 (full 0):
 garbage-first heap   total 37888K, used 12071K [0x00000000c1800000, 0x0000000100000000)
  region size 1024K, 2 young (2048K), 2 survivors (2048K)
 Metaspace       used 27136K, committed 27392K, reserved 1114112K
  class space    used 3023K, committed 3136K, reserved 1048576K
}
Event: 4.204 GC heap before
{Heap before GC invocations=8 (full 0):
 garbage-first heap   total 37888K, used 25383K [0x00000000c1800000, 0x0000000100000000)
  region size 1024K, 15 young (15360K), 2 survivors (2048K)
 Metaspace       used 28570K, committed 28864K, reserved 1114112K
  class space    used 3193K, committed 3328K, reserved 1048576K
}
Event: 4.208 GC heap after
{Heap after GC invocations=9 (full 0):
 garbage-first heap   total 37888K, used 13088K [0x00000000c1800000, 0x0000000100000000)
  region size 1024K, 1 young (1024K), 1 survivors (1024K)
 Metaspace       used 28570K, committed 28864K, reserved 1114112K
  class space    used 3193K, committed 3328K, reserved 1048576K
}
Event: 4.652 GC heap before
{Heap before GC invocations=9 (full 0):
 garbage-first heap   total 37888K, used 26400K [0x00000000c1800000, 0x0000000100000000)
  region size 1024K, 14 young (14336K), 1 survivors (1024K)
 Metaspace       used 30410K, committed 30656K, reserved 1114112K
  class space    used 3473K, committed 3584K, reserved 1048576K
}
Event: 4.655 GC heap after
{Heap after GC invocations=10 (full 0):
 garbage-first heap   total 37888K, used 14035K [0x00000000c1800000, 0x0000000100000000)
  region size 1024K, 2 young (2048K), 2 survivors (2048K)
 Metaspace       used 30410K, committed 30656K, reserved 1114112K
  class space    used 3473K, committed 3584K, reserved 1048576K
}
Event: 5.087 GC heap before
{Heap before GC invocations=10 (full 0):
 garbage-first heap   total 37888K, used 26323K [0x00000000c1800000, 0x0000000100000000)
  region size 1024K, 15 young (15360K), 2 survivors (2048K)
 Metaspace       used 33225K, committed 33664K, reserved 1114112K
  class space    used 3868K, committed 4096K, reserved 1048576K
}
Event: 5.093 GC heap after
{Heap after GC invocations=11 (full 0):
 garbage-first heap   total 37888K, used 15340K [0x00000000c1800000, 0x0000000100000000)
  region size 1024K, 2 young (2048K), 2 survivors (2048K)
 Metaspace       used 33225K, committed 33664K, reserved 1114112K
  class space    used 3868K, committed 4096K, reserved 1048576K
}
Event: 5.611 GC heap before
{Heap before GC invocations=11 (full 0):
 garbage-first heap   total 37888K, used 25580K [0x00000000c1800000, 0x0000000100000000)
  region size 1024K, 13 young (13312K), 2 survivors (2048K)
 Metaspace       used 35737K, committed 36096K, reserved 1114112K
  class space    used 4212K, committed 4352K, reserved 1048576K
}
Event: 5.616 GC heap after
{Heap after GC invocations=12 (full 0):
 garbage-first heap   total 37888K, used 16772K [0x00000000c1800000, 0x0000000100000000)
  region size 1024K, 2 young (2048K), 2 survivors (2048K)
 Metaspace       used 35737K, committed 36096K, reserved 1114112K
  class space    used 4212K, committed 4352K, reserved 1048576K
}
Event: 5.956 GC heap before
{Heap before GC invocations=13 (full 0):
 garbage-first heap   total 37888K, used 28036K [0x00000000c1800000, 0x0000000100000000)
  region size 1024K, 13 young (13312K), 2 survivors (2048K)
 Metaspace       used 37293K, committed 37760K, reserved 1114112K
  class space    used 4403K, committed 4608K, reserved 1048576K
}
Event: 5.960 GC heap after
{Heap after GC invocations=14 (full 0):
 garbage-first heap   total 37888K, used 17288K [0x00000000c1800000, 0x0000000100000000)
  region size 1024K, 1 young (1024K), 1 survivors (1024K)
 Metaspace       used 37293K, committed 37760K, reserved 1114112K
  class space    used 4403K, committed 4608K, reserved 1048576K
}
Event: 6.296 GC heap before
{Heap before GC invocations=14 (full 0):
 garbage-first heap   total 37888K, used 27528K [0x00000000c1800000, 0x0000000100000000)
  region size 1024K, 12 young (12288K), 1 survivors (1024K)
 Metaspace       used 39457K, committed 39936K, reserved 1114112K
  class space    used 4687K, committed 4928K, reserved 1048576K
}
Event: 6.300 GC heap after
{Heap after GC invocations=15 (full 0):
 garbage-first heap   total 46080K, used 17867K [0x00000000c1800000, 0x0000000100000000)
  region size 1024K, 2 young (2048K), 2 survivors (2048K)
 Metaspace       used 39457K, committed 39936K, reserved 1114112K
  class space    used 4687K, committed 4928K, reserved 1048576K
}
Event: 6.984 GC heap before
{Heap before GC invocations=16 (full 0):
 garbage-first heap   total 46080K, used 34251K [0x00000000c1800000, 0x0000000100000000)
  region size 1024K, 18 young (18432K), 2 survivors (2048K)
 Metaspace       used 43720K, committed 44096K, reserved 1114112K
  class space    used 5391K, committed 5568K, reserved 1048576K
}
Event: 6.989 GC heap after
{Heap after GC invocations=17 (full 0):
 garbage-first heap   total 46080K, used 18605K [0x00000000c1800000, 0x0000000100000000)
  region size 1024K, 2 young (2048K), 2 survivors (2048K)
 Metaspace       used 43720K, committed 44096K, reserved 1114112K
  class space    used 5391K, committed 5568K, reserved 1048576K
}
Event: 8.892 GC heap before
{Heap before GC invocations=17 (full 0):
 garbage-first heap   total 46080K, used 33965K [0x00000000c1800000, 0x0000000100000000)
  region size 1024K, 18 young (18432K), 2 survivors (2048K)
 Metaspace       used 51408K, committed 51904K, reserved 1114112K
  class space    used 6277K, committed 6528K, reserved 1048576K
}
Event: 8.900 GC heap after
{Heap after GC invocations=18 (full 0):
 garbage-first heap   total 46080K, used 20593K [0x00000000c1800000, 0x0000000100000000)
  region size 1024K, 3 young (3072K), 3 survivors (3072K)
 Metaspace       used 51408K, committed 51904K, reserved 1114112K
  class space    used 6277K, committed 6528K, reserved 1048576K
}

Dll operation events (9 events):
Event: 0.032 Loaded shared library C:\Users\SIDDHARTH TIWARI\.p2\pool\plugins\org.eclipse.justj.openjdk.hotspot.jre.full.win32.x86_64_17.0.7.v20230425-1502\jre\bin\java.dll
Event: 0.365 Loaded shared library C:\Users\SIDDHARTH TIWARI\.p2\pool\plugins\org.eclipse.justj.openjdk.hotspot.jre.full.win32.x86_64_17.0.7.v20230425-1502\jre\bin\net.dll
Event: 0.369 Loaded shared library C:\Users\SIDDHARTH TIWARI\.p2\pool\plugins\org.eclipse.justj.openjdk.hotspot.jre.full.win32.x86_64_17.0.7.v20230425-1502\jre\bin\nio.dll
Event: 0.379 Loaded shared library C:\Users\SIDDHARTH TIWARI\.p2\pool\plugins\org.eclipse.justj.openjdk.hotspot.jre.full.win32.x86_64_17.0.7.v20230425-1502\jre\bin\zip.dll
Event: 0.653 Loaded shared library C:\Users\SIDDHARTH TIWARI\.p2\pool\plugins\org.eclipse.justj.openjdk.hotspot.jre.full.win32.x86_64_17.0.7.v20230425-1502\jre\bin\jimage.dll
Event: 1.247 Loaded shared library C:\Users\SIDDHARTH TIWARI\.p2\pool\plugins\org.eclipse.justj.openjdk.hotspot.jre.full.win32.x86_64_17.0.7.v20230425-1502\jre\bin\management.dll
Event: 1.256 Loaded shared library C:\Users\SIDDHARTH TIWARI\.p2\pool\plugins\org.eclipse.justj.openjdk.hotspot.jre.full.win32.x86_64_17.0.7.v20230425-1502\jre\bin\management_ext.dll
Event: 3.353 Loaded shared library C:\Users\SIDDHARTH TIWARI\.p2\pool\plugins\org.eclipse.justj.openjdk.hotspot.jre.full.win32.x86_64_17.0.7.v20230425-1502\jre\bin\sunmscapi.dll
Event: 6.699 Loaded shared library C:\Users\SIDDHARTH TIWARI\.p2\pool\plugins\org.eclipse.justj.openjdk.hotspot.jre.full.win32.x86_64_17.0.7.v20230425-1502\jre\bin\verify.dll

Deoptimization events (20 events):
Event: 8.662 Thread 0x000001d786662540 DEOPT PACKING pc=0x000001d7e85102be sp=0x0000004e1fbfe2b0
Event: 8.662 Thread 0x000001d786662540 DEOPT UNPACKING pc=0x000001d7ef307143 sp=0x0000004e1fbfd6e0 mode 0
Event: 8.706 Thread 0x000001d786662540 DEOPT PACKING pc=0x000001d7e85102f1 sp=0x0000004e1fbfde60
Event: 8.706 Thread 0x000001d786662540 DEOPT UNPACKING pc=0x000001d7ef307143 sp=0x0000004e1fbfd290 mode 0
Event: 8.707 Thread 0x000001d786662540 DEOPT PACKING pc=0x000001d7e85102be sp=0x0000004e1fbfde60
Event: 8.707 Thread 0x000001d786662540 DEOPT UNPACKING pc=0x000001d7ef307143 sp=0x0000004e1fbfd290 mode 0
Event: 8.713 Thread 0x000001d786662540 DEOPT PACKING pc=0x000001d7e85102be sp=0x0000004e1fbfdc20
Event: 8.713 Thread 0x000001d786662540 DEOPT UNPACKING pc=0x000001d7ef307143 sp=0x0000004e1fbfd050 mode 0
Event: 8.714 Thread 0x000001d786662540 DEOPT PACKING pc=0x000001d7e85102f1 sp=0x0000004e1fbfdfe0
Event: 8.714 Thread 0x000001d786662540 DEOPT UNPACKING pc=0x000001d7ef307143 sp=0x0000004e1fbfd410 mode 0
Event: 8.721 Thread 0x000001d786662540 DEOPT PACKING pc=0x000001d7e85102be sp=0x0000004e1fbfdbb0
Event: 8.721 Thread 0x000001d786662540 DEOPT UNPACKING pc=0x000001d7ef307143 sp=0x0000004e1fbfcfe0 mode 0
Event: 8.815 Thread 0x000001d784f21540 DEOPT PACKING pc=0x000001d7e84cf8ad sp=0x0000004e1f3fd110
Event: 8.815 Thread 0x000001d784f21540 DEOPT UNPACKING pc=0x000001d7ef307143 sp=0x0000004e1f3fc5a8 mode 0
Event: 8.906 Thread 0x000001d786662540 DEOPT PACKING pc=0x000001d7e851a3a5 sp=0x0000004e1fbfe140
Event: 8.906 Thread 0x000001d786662540 DEOPT UNPACKING pc=0x000001d7ef307143 sp=0x0000004e1fbfd5c8 mode 0
Event: 8.982 Thread 0x000001d784f21540 Uncommon trap: trap_request=0xffffffde fr.pc=0x000001d7ef9914e8 relative=0x00000000000012c8
Event: 8.983 Thread 0x000001d784f21540 Uncommon trap: reason=class_check action=maybe_recompile pc=0x000001d7ef9914e8 method=java.util.concurrent.ConcurrentHashMap.putVal(Ljava/lang/Object;Ljava/lang/Object;Z)Ljava/lang/Object; @ 159 c2
Event: 8.983 Thread 0x000001d784f21540 DEOPT PACKING pc=0x000001d7ef9914e8 sp=0x0000004e1f3fd9b0
Event: 8.983 Thread 0x000001d784f21540 DEOPT UNPACKING pc=0x000001d7ef3069a3 sp=0x0000004e1f3fd930 mode 2

Classes unloaded (0 events):
No events

Classes redefined (0 events):
No events

Internal exceptions (20 events):
Event: 5.192 Thread 0x000001d784f21540 Exception <a 'java/lang/NoSuchMethodError'{0x00000000c52679a0}: 'java.lang.Object java.lang.invoke.DirectMethodHandle$Holder.invokeSpecial(java.lang.Object, java.lang.Object, java.lang.Object, java.lang.Object, int)'> (0x00000000c52679a0) 
thrown [s\src\hotspot\share\interpreter\linkResolver.cpp, line 759]
Event: 5.192 Thread 0x000001d784f21540 Exception <a 'java/lang/NoSuchMethodError'{0x00000000c526b568}: 'java.lang.Object java.lang.invoke.Invokers$Holder.linkToTargetMethod(java.lang.Object, java.lang.Object, int, java.lang.Object)'> (0x00000000c526b568) 
thrown [s\src\hotspot\share\interpreter\linkResolver.cpp, line 759]
Event: 5.306 Thread 0x000001d784f21540 Exception <a 'java/lang/NoSuchMethodError'{0x00000000c3539970}: 'java.lang.Object java.lang.invoke.DirectMethodHandle$Holder.invokeStaticInit(java.lang.Object, int, int, int, int)'> (0x00000000c3539970) 
thrown [s\src\hotspot\share\interpreter\linkResolver.cpp, line 759]
Event: 5.496 Thread 0x000001d784f21540 Exception <a 'java/lang/NoSuchMethodError'{0x00000000c3596390}: 'java.lang.Object java.lang.invoke.DirectMethodHandle$Holder.invokeStaticInit(java.lang.Object, java.lang.Object, int, int, int, int)'> (0x00000000c3596390) 
thrown [s\src\hotspot\share\interpreter\linkResolver.cpp, line 759]
Event: 5.680 Thread 0x000001d784f21540 Exception <a 'sun/nio/fs/WindowsException'{0x00000000c5297528}> (0x00000000c5297528) 
thrown [s\src\hotspot\share\prims\jni.cpp, line 516]
Event: 5.682 Thread 0x000001d784f21540 Exception <a 'sun/nio/fs/WindowsException'{0x00000000c529cfe0}> (0x00000000c529cfe0) 
thrown [s\src\hotspot\share\prims\jni.cpp, line 516]
Event: 5.684 Thread 0x000001d784f21540 Exception <a 'sun/nio/fs/WindowsException'{0x00000000c529d6d8}> (0x00000000c529d6d8) 
thrown [s\src\hotspot\share\prims\jni.cpp, line 516]
Event: 5.766 Thread 0x000001d784f21540 Exception <a 'java/lang/NoSuchMethodError'{0x00000000c38d0520}: 'java.lang.Object java.lang.invoke.DirectMethodHandle$Holder.invokeSpecial(java.lang.Object, java.lang.Object, long, java.lang.Object, java.lang.Object, java.lang.Object, java.lang.Object, java.lang.Object, java.lang.Object)'> (0x00000000c38d0520) 
thrown [s\src\hotspot\share\interpreter\linkResolver.cpp, line 759]
Event: 5.767 Thread 0x000001d784f21540 Exception <a 'java/lang/NoSuchMethodError'{0x00000000c38d5048}: 'java.lang.Object java.lang.invoke.DelegatingMethodHandle$Holder.reinvoke_L(java.lang.Object, long, java.lang.Object, java.lang.Object, java.lang.Object, java.lang.Object, java.lang.Object, java.lang.Object)'> (0x00000000c38d5048) 
thrown [s\src\hotspot\share\interpreter\linkResolver.cpp, line 759]
Event: 5.804 Thread 0x000001d784f21540 Implicit null exception at 0x000001d7ef8f5680 to 0x000001d7ef8f6f9c
Event: 5.824 Thread 0x000001d784f21540 Exception <a 'java/io/FileNotFoundException'{0x00000000c3622150}> (0x00000000c3622150) 
thrown [s\src\hotspot\share\prims\jni.cpp, line 516]
Event: 5.853 Thread 0x000001d784f21540 Exception <a 'java/lang/NoSuchMethodError'{0x00000000c3586300}: 'int java.lang.invoke.DirectMethodHandle$Holder.invokeInterface(java.lang.Object, java.lang.Object, java.lang.Object, java.lang.Object)'> (0x00000000c3586300) 
thrown [s\src\hotspot\share\interpreter\linkResolver.cpp, line 759]
Event: 5.918 Thread 0x000001d784f21540 Exception <a 'java/lang/NoSuchMethodError'{0x00000000c337ede8}: 'long java.lang.invoke.DirectMethodHandle$Holder.invokeVirtual(java.lang.Object, java.lang.Object)'> (0x00000000c337ede8) 
thrown [s\src\hotspot\share\interpreter\linkResolver.cpp, line 759]
Event: 5.925 Thread 0x000001d784f21540 Exception <a 'java/io/FileNotFoundException'{0x00000000c33adab0}> (0x00000000c33adab0) 
thrown [s\src\hotspot\share\prims\jni.cpp, line 516]
Event: 6.081 Thread 0x000001d784f21540 Implicit null exception at 0x000001d7ef95c20f to 0x000001d7ef95c410
Event: 6.085 Thread 0x000001d784f21540 Exception <a 'sun/nio/fs/WindowsException'{0x00000000c38e3df0}> (0x00000000c38e3df0) 
thrown [s\src\hotspot\share\prims\jni.cpp, line 516]
Event: 6.967 Thread 0x000001d784f21540 Exception <a 'java/lang/NoSuchMethodError'{0x00000000c35af050}: 'int java.lang.invoke.DirectMethodHandle$Holder.invokeStatic(java.lang.Object)'> (0x00000000c35af050) 
thrown [s\src\hotspot\share\interpreter\linkResolver.cpp, line 759]
Event: 7.596 Thread 0x000001d784f21540 Exception <a 'sun/nio/fs/WindowsException'{0x00000000c3d9cb30}> (0x00000000c3d9cb30) 
thrown [s\src\hotspot\share\prims\jni.cpp, line 516]
Event: 7.627 Thread 0x000001d784f21540 Exception <a 'java/lang/NoSuchMethodError'{0x00000000c3dbe548}: 'int java.lang.invoke.DirectMethodHandle$Holder.invokeStaticInit(java.lang.Object, java.lang.Object, java.lang.Object, java.lang.Object)'> (0x00000000c3dbe548) 
thrown [s\src\hotspot\share\interpreter\linkResolver.cpp, line 759]
Event: 8.919 Thread 0x000001d784f21540 Exception <a 'java/lang/NoSuchMethodError'{0x00000000c578e450}: 'java.lang.Object java.lang.invoke.DirectMethodHandle$Holder.invokeStaticInit(java.lang.Object, java.lang.Object, java.lang.Object, java.lang.Object)'> (0x00000000c578e450) 
thrown [s\src\hotspot\share\interpreter\linkResolver.cpp, line 759]

VM Operations (20 events):
Event: 6.339 Executing VM operation: G1Concurrent
Event: 6.343 Executing VM operation: G1Concurrent done
Event: 6.370 Executing VM operation: G1Concurrent
Event: 6.370 Executing VM operation: G1Concurrent done
Event: 6.984 Executing VM operation: G1CollectForAllocation
Event: 6.989 Executing VM operation: G1CollectForAllocation done
Event: 7.214 Executing VM operation: HandshakeAllThreads
Event: 7.214 Executing VM operation: HandshakeAllThreads done
Event: 7.602 Executing VM operation: HandshakeAllThreads
Event: 7.602 Executing VM operation: HandshakeAllThreads done
Event: 7.612 Executing VM operation: HandshakeAllThreads
Event: 7.612 Executing VM operation: HandshakeAllThreads done
Event: 7.751 Executing VM operation: HandshakeAllThreads
Event: 7.751 Executing VM operation: HandshakeAllThreads done
Event: 8.040 Executing VM operation: HandshakeAllThreads
Event: 8.040 Executing VM operation: HandshakeAllThreads done
Event: 8.040 Executing VM operation: Cleanup
Event: 8.040 Executing VM operation: Cleanup done
Event: 8.892 Executing VM operation: G1CollectForAllocation
Event: 8.900 Executing VM operation: G1CollectForAllocation done

Events (20 events):
Event: 8.461 Thread 0x000001d78665f050 Thread added: 0x000001d78665f050
Event: 8.465 Thread 0x000001d786660860 Thread added: 0x000001d786660860
Event: 8.467 loading class java/util/concurrent/ThreadPoolExecutor$CallerRunsPolicy
Event: 8.467 loading class java/util/concurrent/ThreadPoolExecutor$CallerRunsPolicy done
Event: 8.472 loading class java/util/concurrent/atomic/AtomicReferenceFieldUpdater
Event: 8.473 loading class java/util/concurrent/atomic/AtomicReferenceFieldUpdater done
Event: 8.473 loading class java/util/concurrent/atomic/AtomicReferenceFieldUpdater$AtomicReferenceFieldUpdaterImpl
Event: 8.473 loading class java/util/concurrent/atomic/AtomicReferenceFieldUpdater$AtomicReferenceFieldUpdaterImpl done
Event: 8.473 loading class java/util/concurrent/atomic/AtomicReferenceFieldUpdater$AtomicReferenceFieldUpdaterImpl$1
Event: 8.473 loading class java/util/concurrent/atomic/AtomicReferenceFieldUpdater$AtomicReferenceFieldUpdaterImpl$1 done
Event: 8.497 loading class java/util/TimerTask
Event: 8.498 loading class java/util/TimerTask done
Event: 8.584 Thread 0x000001d786662540 Thread added: 0x000001d786662540
Event: 8.915 loading class java/io/CharArrayWriter
Event: 8.915 loading class java/io/CharArrayWriter done
Event: 8.915 loading class java/lang/StringIndexOutOfBoundsException
Event: 8.915 loading class java/lang/StringIndexOutOfBoundsException done
Event: 8.934 loading class jdk/internal/reflect/UnsafeQualifiedStaticIntegerFieldAccessorImpl
Event: 8.935 loading class jdk/internal/reflect/UnsafeQualifiedStaticIntegerFieldAccessorImpl done
Event: 8.975 Thread 0x000001d78665f520 Thread added: 0x000001d78665f520


Dynamic libraries:
0x00007ff63df30000 - 0x00007ff63df3e000 	C:\Users\SIDDHARTH TIWARI\.p2\pool\plugins\org.eclipse.justj.openjdk.hotspot.jre.full.win32.x86_64_17.0.7.v20230425-1502\jre\bin\javaw.exe
0x00007ffcf0ef0000 - 0x00007ffcf1107000 	C:\Windows\SYSTEM32\ntdll.dll
0x00007ffcef200000 - 0x00007ffcef2c4000 	C:\Windows\System32\KERNEL32.DLL
0x00007ffcee3f0000 - 0x00007ffcee796000 	C:\Windows\System32\KERNELBASE.dll
0x00007ffcee7a0000 - 0x00007ffcee8b1000 	C:\Windows\System32\ucrtbase.dll
0x00007ffce64e0000 - 0x00007ffce64f7000 	C:\Users\SIDDHARTH TIWARI\.p2\pool\plugins\org.eclipse.justj.openjdk.hotspot.jre.full.win32.x86_64_17.0.7.v20230425-1502\jre\bin\jli.dll
0x00007ffcda390000 - 0x00007ffcda3a9000 	C:\Users\SIDDHARTH TIWARI\.p2\pool\plugins\org.eclipse.justj.openjdk.hotspot.jre.full.win32.x86_64_17.0.7.v20230425-1502\jre\bin\VCRUNTIME140.dll
0x00007ffceed70000 - 0x00007ffceef1e000 	C:\Windows\System32\USER32.dll
0x00007ffcee320000 - 0x00007ffcee346000 	C:\Windows\System32\win32u.dll
0x00007ffcf0ca0000 - 0x00007ffcf0cc9000 	C:\Windows\System32\GDI32.dll
0x00007ffcee8f0000 - 0x00007ffceea08000 	C:\Windows\System32\gdi32full.dll
0x00007ffcee350000 - 0x00007ffcee3ea000 	C:\Windows\System32\msvcp_win.dll
0x00007ffcdb2e0000 - 0x00007ffcdb573000 	C:\Windows\WinSxS\amd64_microsoft.windows.common-controls_6595b64144ccf1df_6.0.22621.2506_none_270c5ae97388e100\COMCTL32.dll
0x00007ffceff10000 - 0x00007ffceffb7000 	C:\Windows\System32\msvcrt.dll
0x00007ffcf00f0000 - 0x00007ffcf0121000 	C:\Windows\System32\IMM32.DLL
0x00007ffce91c0000 - 0x00007ffce91cc000 	C:\Users\SIDDHARTH TIWARI\.p2\pool\plugins\org.eclipse.justj.openjdk.hotspot.jre.full.win32.x86_64_17.0.7.v20230425-1502\jre\bin\vcruntime140_1.dll
0x00007ffcc0fe0000 - 0x00007ffcc1071000 	C:\Users\SIDDHARTH TIWARI\.p2\pool\plugins\org.eclipse.justj.openjdk.hotspot.jre.full.win32.x86_64_17.0.7.v20230425-1502\jre\bin\msvcp140.dll
0x00007ffc9e1b0000 - 0x00007ffc9edf8000 	C:\Users\SIDDHARTH TIWARI\.p2\pool\plugins\org.eclipse.justj.openjdk.hotspot.jre.full.win32.x86_64_17.0.7.v20230425-1502\jre\bin\server\jvm.dll
0x00007ffcef090000 - 0x00007ffcef143000 	C:\Windows\System32\ADVAPI32.dll
0x00007ffcef150000 - 0x00007ffcef1f8000 	C:\Windows\System32\sechost.dll
0x00007ffcee8c0000 - 0x00007ffcee8e8000 	C:\Windows\System32\bcrypt.dll
0x00007ffcf0140000 - 0x00007ffcf0257000 	C:\Windows\System32\RPCRT4.dll
0x00007ffce68f0000 - 0x00007ffce6924000 	C:\Windows\SYSTEM32\WINMM.dll
0x00007ffcdbc40000 - 0x00007ffcdbc49000 	C:\Windows\SYSTEM32\WSOCK32.dll
0x00007ffcef2d0000 - 0x00007ffcef341000 	C:\Windows\System32\WS2_32.dll
0x00007ffce6fb0000 - 0x00007ffce6fba000 	C:\Windows\SYSTEM32\VERSION.dll
0x00007ffced280000 - 0x00007ffced298000 	C:\Windows\SYSTEM32\kernel.appcore.dll
0x00007ffce91e0000 - 0x00007ffce91ea000 	C:\Users\SIDDHARTH TIWARI\.p2\pool\plugins\org.eclipse.justj.openjdk.hotspot.jre.full.win32.x86_64_17.0.7.v20230425-1502\jre\bin\jimage.dll
0x00007ffcebb90000 - 0x00007ffcebdc3000 	C:\Windows\SYSTEM32\DBGHELP.DLL
0x00007ffcf0770000 - 0x00007ffcf0af9000 	C:\Windows\System32\combase.dll
0x00007ffceec90000 - 0x00007ffceed67000 	C:\Windows\System32\OLEAUT32.dll
0x00007ffcd5b70000 - 0x00007ffcd5ba2000 	C:\Windows\SYSTEM32\dbgcore.DLL
0x00007ffcee230000 - 0x00007ffcee2aa000 	C:\Windows\System32\bcryptPrimitives.dll
0x00007ffcd9ef0000 - 0x00007ffcd9f15000 	C:\Users\SIDDHARTH TIWARI\.p2\pool\plugins\org.eclipse.justj.openjdk.hotspot.jre.full.win32.x86_64_17.0.7.v20230425-1502\jre\bin\java.dll
0x00007ffce4c50000 - 0x00007ffce4c68000 	C:\Users\SIDDHARTH TIWARI\.p2\pool\plugins\org.eclipse.justj.openjdk.hotspot.jre.full.win32.x86_64_17.0.7.v20230425-1502\jre\bin\zip.dll
0x00007ffcef3e0000 - 0x00007ffcefc3b000 	C:\Windows\System32\SHELL32.dll
0x00007ffcec190000 - 0x00007ffceca86000 	C:\Windows\SYSTEM32\windows.storage.dll
0x00007ffcec050000 - 0x00007ffcec18e000 	C:\Windows\SYSTEM32\wintypes.dll
0x00007ffcefda0000 - 0x00007ffcefe93000 	C:\Windows\System32\SHCORE.dll
0x00007ffceef20000 - 0x00007ffceef7e000 	C:\Windows\System32\shlwapi.dll
0x00007ffcee160000 - 0x00007ffcee186000 	C:\Windows\SYSTEM32\profapi.dll
0x00007ffcdd410000 - 0x00007ffcdd429000 	C:\Users\SIDDHARTH TIWARI\.p2\pool\plugins\org.eclipse.justj.openjdk.hotspot.jre.full.win32.x86_64_17.0.7.v20230425-1502\jre\bin\net.dll
0x00007ffce67b0000 - 0x00007ffce68e7000 	C:\Windows\SYSTEM32\WINHTTP.dll
0x00007ffced7e0000 - 0x00007ffced849000 	C:\Windows\system32\mswsock.dll
0x00007ffcda370000 - 0x00007ffcda385000 	C:\Users\SIDDHARTH TIWARI\.p2\pool\plugins\org.eclipse.justj.openjdk.hotspot.jre.full.win32.x86_64_17.0.7.v20230425-1502\jre\bin\nio.dll
0x00007ffce71e0000 - 0x00007ffce71e9000 	C:\Users\SIDDHARTH TIWARI\.p2\pool\plugins\org.eclipse.justj.openjdk.hotspot.jre.full.win32.x86_64_17.0.7.v20230425-1502\jre\bin\management.dll
0x00007ffce6480000 - 0x00007ffce648b000 	C:\Users\SIDDHARTH TIWARI\.p2\pool\plugins\org.eclipse.justj.openjdk.hotspot.jre.full.win32.x86_64_17.0.7.v20230425-1502\jre\bin\management_ext.dll
0x00007ffcf0130000 - 0x00007ffcf0138000 	C:\Windows\System32\PSAPI.DLL
0x00007ffcdabb0000 - 0x00007ffcdabbe000 	C:\Users\SIDDHARTH TIWARI\.p2\pool\plugins\org.eclipse.justj.openjdk.hotspot.jre.full.win32.x86_64_17.0.7.v20230425-1502\jre\bin\sunmscapi.dll
0x00007ffceead0000 - 0x00007ffceec36000 	C:\Windows\System32\CRYPT32.dll
0x00007ffcedbf0000 - 0x00007ffcedc1e000 	C:\Windows\SYSTEM32\ncrypt.dll
0x00007ffcedbb0000 - 0x00007ffcedbe7000 	C:\Windows\SYSTEM32\NTASN1.dll
0x00007ffceda40000 - 0x00007ffceda5b000 	C:\Windows\SYSTEM32\CRYPTSP.dll
0x00007ffced240000 - 0x00007ffced275000 	C:\Windows\system32\rsaenh.dll
0x00007ffced8d0000 - 0x00007ffced8fc000 	C:\Windows\SYSTEM32\USERENV.dll
0x00007ffceda30000 - 0x00007ffceda3c000 	C:\Windows\SYSTEM32\CRYPTBASE.dll
0x00007ffceccf0000 - 0x00007ffcecd1d000 	C:\Windows\SYSTEM32\IPHLPAPI.DLL
0x00007ffcefea0000 - 0x00007ffcefea9000 	C:\Windows\System32\NSI.dll
0x00007ffce6360000 - 0x00007ffce6379000 	C:\Windows\SYSTEM32\dhcpcsvc6.DLL
0x00007ffce6260000 - 0x00007ffce627f000 	C:\Windows\SYSTEM32\dhcpcsvc.DLL
0x00007ffcecd60000 - 0x00007ffcece59000 	C:\Windows\SYSTEM32\DNSAPI.dll
0x00007ffce6520000 - 0x00007ffce6530000 	C:\Users\SIDDHARTH TIWARI\.p2\pool\plugins\org.eclipse.justj.openjdk.hotspot.jre.full.win32.x86_64_17.0.7.v20230425-1502\jre\bin\verify.dll
0x00007ffcdc3b0000 - 0x00007ffcdc3ba000 	C:\Windows\System32\rasadhlp.dll
0x00007ffce5860000 - 0x00007ffce58e3000 	C:\Windows\System32\fwpuclnt.dll

dbghelp: loaded successfully - version: 4.0.5 - missing functions: none
symbol engine: initialized successfully - sym options: 0x614 - pdb path: .;C:\Users\SIDDHARTH TIWARI\.p2\pool\plugins\org.eclipse.justj.openjdk.hotspot.jre.full.win32.x86_64_17.0.7.v20230425-1502\jre\bin;C:\Windows\SYSTEM32;C:\Windows\WinSxS\amd64_microsoft.windows.common-controls_6595b64144ccf1df_6.0.22621.2506_none_270c5ae97388e100;C:\Users\SIDDHARTH TIWARI\.p2\pool\plugins\org.eclipse.justj.openjdk.hotspot.jre.full.win32.x86_64_17.0.7.v20230425-1502\jre\bin\server

VM Arguments:
jvm_args: -Dfile.encoding=UTF-8 -XX:+ShowCodeDetailsInExceptionMessages 
java_command: com.gl.todo.ToDoListApplication
java_class_path (initial): C:\springboot\ToDoList\target\classes;C:\Users\SIDDHARTH TIWARI\.m2\repository\org\springframework\boot\spring-boot-starter-data-jpa\3.2.2\spring-boot-starter-data-jpa-3.2.2.jar;C:\Users\SIDDHARTH TIWARI\.m2\repository\org\springframework\boot\spring-boot-starter-aop\3.2.2\spring-boot-starter-aop-3.2.2.jar;C:\Users\SIDDHARTH TIWARI\.m2\repository\org\springframework\spring-aop\6.1.3\spring-aop-6.1.3.jar;C:\Users\SIDDHARTH TIWARI\.m2\repository\org\aspectj\aspectjweaver\1.9.21\aspectjweaver-1.9.21.jar;C:\Users\SIDDHARTH TIWARI\.m2\repository\org\springframework\boot\spring-boot-starter-jdbc\3.2.2\spring-boot-starter-jdbc-3.2.2.jar;C:\Users\SIDDHARTH TIWARI\.m2\repository\com\zaxxer\HikariCP\5.0.1\HikariCP-5.0.1.jar;C:\Users\SIDDHARTH TIWARI\.m2\repository\org\springframework\spring-jdbc\6.1.3\spring-jdbc-6.1.3.jar;C:\Users\SIDDHARTH TIWARI\.m2\repository\org\hibernate\orm\hibernate-core\6.4.1.Final\hibernate-core-6.4.1.Final.jar;C:\Users\SIDDHARTH TIWARI\.m2\repository\jakarta\persistence\jakarta.persistence-api\3.1.0\jakarta.persistence-api-3.1.0.jar;C:\Users\SIDDHARTH TIWARI\.m2\repository\jakarta\transaction\jakarta.transaction-api\2.0.1\jakarta.transaction-api-2.0.1.jar;C:\Users\SIDDHARTH TIWARI\.m2\repository\org\jboss\logging\jboss-logging\3.5.3.Final\jboss-logging-3.5.3.Final.jar;C:\Users\SIDDHARTH TIWARI\.m2\repository\org\hibernate\common\hibernate-commons-annotations\6.0.6.Final\hibernate-commons-annotations-6.0.6.Final.jar;C:\Users\SIDDHARTH TIWARI\.m2\repository\io\smallrye\jandex\3.1.2\jandex-3.1.2.jar;C:\Users\SIDDHARTH TIWARI\.m2\repository\com\fasterxml\classmate\1.6.0\classmate-1.6.0.jar;C:\Users\SIDDHARTH TIWARI\.m2\repository\net\bytebuddy\byte-buddy\1.14.11\byte-buddy-1.14.11.jar;C:\Users\SIDDHARTH TIWARI\.m2\repository\org\glassfish\jaxb\jaxb-runtime\4.0.4\jaxb-runtime-4.0.4.jar;C:\Users\SIDDHARTH TIWARI\.m2\repository\org\glassfish\jaxb\jaxb-core\4.0.4\jaxb-core-4.0.4.jar;C:\Users\SIDDHARTH TIWARI\.m2\repository\org\
Launcher Type: SUN_STANDARD

[Global flags]
     intx CICompilerCount                          = 3                                         {product} {ergonomic}
     uint ConcGCThreads                            = 1                                         {product} {ergonomic}
     uint G1ConcRefinementThreads                  = 4                                         {product} {ergonomic}
   size_t G1HeapRegionSize                         = 1048576                                   {product} {ergonomic}
    uintx GCDrainStackTargetSize                   = 64                                        {product} {ergonomic}
   size_t InitialHeapSize                          = 67108864                                  {product} {ergonomic}
   size_t MarkStackSize                            = 4194304                                   {product} {ergonomic}
   size_t MaxHeapSize                              = 1048576000                                {product} {ergonomic}
   size_t MaxNewSize                               = 629145600                                 {product} {ergonomic}
   size_t MinHeapDeltaBytes                        = 1048576                                   {product} {ergonomic}
   size_t MinHeapSize                              = 8388608                                   {product} {ergonomic}
    uintx NonNMethodCodeHeapSize                   = 5832780                                {pd product} {ergonomic}
    uintx NonProfiledCodeHeapSize                  = 122912730                              {pd product} {ergonomic}
    uintx ProfiledCodeHeapSize                     = 122912730                              {pd product} {ergonomic}
    uintx ReservedCodeCacheSize                    = 251658240                              {pd product} {ergonomic}
     bool SegmentedCodeCache                       = true                                      {product} {ergonomic}
     bool ShowCodeDetailsInExceptionMessages       = true                                   {manageable} {command line}
   size_t SoftMaxHeapSize                          = 1048576000                             {manageable} {ergonomic}
     bool UseCompressedClassPointers               = true                           {product lp64_product} {ergonomic}
     bool UseCompressedOops                        = true                           {product lp64_product} {ergonomic}
     bool UseG1GC                                  = true                                      {product} {ergonomic}
     bool UseLargePagesIndividualAllocation        = false                                  {pd product} {ergonomic}

Logging:
Log output configuration:
 #0: stdout all=warning uptime,level,tags
 #1: stderr all=off uptime,level,tags

Environment Variables:
PATH=C:/Users/SIDDHARTH TIWARI/.p2/pool/plugins/org.eclipse.justj.openjdk.hotspot.jre.full.win32.x86_64_17.0.7.v20230425-1502/jre/bin/server;C:/Users/SIDDHARTH TIWARI/.p2/pool/plugins/org.eclipse.justj.openjdk.hotspot.jre.full.win32.x86_64_17.0.7.v20230425-1502/jre/bin;C:\Program Files (x86)\Common Files\Oracle\Java\javapath;C:\oraclexe\app\oracle\product\10.2.0\server\bin;C:\Windows\system32;C:\Windows;C:\Windows\System32\Wbem;C:\Windows\System32\WindowsPowerShell\v1.0\;C:\Windows\System32\OpenSSH\;C:\Program Files\Java\jdk1.8.0_202\bin;C:\Program Files\MySQL\MySQL Server 8.0\bin;C:\Users\SIDDHARTH TIWARI\Downloads\apache-maven-3.9.5-bin\apache-maven-3.9.5\bin;C:\Program Files\nodejs\;C:\Program Files\MySQL\MySQL Shell 8.0\bin\;C:\Users\SIDDHARTH TIWARI\AppData\Local\Microsoft\WindowsApps;C:\Program Files\Java\jdk1.8.0_202\bin;C:\Users\SIDDHARTH TIWARI\Downloads\apache-maven-3.9.5-bin\apache-maven-3.9.5\bin;;C:\Users\SIDDHARTH TIWARI\AppData\Local\Programs\Microsoft VS Code\bin;C:\Users\SIDDHARTH TIWARI\AppData\Roaming\npm;C:\Users\SIDDHARTH TIWARI\Desktop;
USERNAME=SIDDHARTH TIWARI
OS=Windows_NT
PROCESSOR_IDENTIFIER=Intel64 Family 6 Model 142 Stepping 9, GenuineIntel
TMP=C:\Users\SIDDHA~1\AppData\Local\Temp
TEMP=C:\Users\SIDDHA~1\AppData\Local\Temp



---------------  S Y S T E M  ---------------

OS:
 Windows 11 , 64 bit Build 22621 (10.0.22621.3085)
OS uptime: 7 days 13:20 hours

CPU: total 4 (initial active 4) (2 cores per cpu, 2 threads per core) family 6 model 142 stepping 9 microcode 0xde, cx8, cmov, fxsr, ht, mmx, 3dnowpref, sse, sse2, sse3, ssse3, sse4.1, sse4.2, popcnt, lzcnt, tsc, tscinvbit, avx, avx2, aes, erms, clmul, bmi1, bmi2, adx, fma, vzeroupper, clflush, clflushopt

Memory: 4k page, system-wide physical 3994M (144M free)
TotalPageFile size 12929M (AvailPageFile size 6M)
current process WorkingSet (physical memory assigned to process): 194M, peak: 194M
current process commit charge ("private bytes"): 216M, peak: 217M

vm_info: OpenJDK 64-Bit Server VM (17.0.7+7) for windows-amd64 JRE (17.0.7+7), built on Apr 18 2023 22:10:42 by "temurin" with MS VC++ 16.7 (VS2019)

END.
