#
# There is insufficient memory for the Java Runtime Environment to continue.
# Native memory allocation (malloc) failed to allocate 638720 bytes for Chunk::new
# Possible reasons:
#   The system is out of physical RAM or swap space
#   The process is running with CompressedOops enabled, and the Java Heap may be blocking the growth of the native heap
# Possible solutions:
#   Reduce memory load on the system
#   Increase physical memory or swap space
#   Check if swap backing store is full
#   Decrease Java heap size (-Xmx/-Xms)
#   Decrease number of Java threads
#   Decrease Java thread stack sizes (-Xss)
#   Set larger code cache with -XX:ReservedCodeCacheSize=
#   JVM is running with Unscaled Compressed Oops mode in which the Java heap is
#     placed in the first 4GB address space. The Java Heap base address is the
#     maximum limit for the native heap growth. Please use -XX:HeapBaseMinAddress
#     to set the Java Heap base and to place the Java Heap above 4GB virtual address.
# This output file may be truncated or incomplete.
#
#  Out of Memory Error (arena.cpp:189), pid=15056, tid=10388
#
# JRE version: OpenJDK Runtime Environment Temurin-17.0.7+7 (17.0.7+7) (build 17.0.7+7)
# Java VM: OpenJDK 64-Bit Server VM Temurin-17.0.7+7 (17.0.7+7, mixed mode, tiered, compressed oops, compressed class ptrs, g1 gc, windows-amd64)
# No core dump will be written. Minidumps are not enabled by default on client versions of Windows
#

---------------  S U M M A R Y ------------

Command Line: -Dfile.encoding=UTF-8 -XX:+ShowCodeDetailsInExceptionMessages com.gl.todo.ToDoListApplication

Host: Intel(R) Core(TM) i5-7200U CPU @ 2.50GHz, 4 cores, 3G,  Windows 11 , 64 bit Build 22621 (10.0.22621.3085)
Time: Tue Feb  6 16:23:06 2024 India Standard Time elapsed time: 6.663187 seconds (0d 0h 0m 6s)

---------------  T H R E A D  ---------------

Current thread (0x0000018931017350):  JavaThread "C2 CompilerThread0" daemon [_thread_in_native, id=10388, stack(0x00000056f5e00000,0x00000056f5f00000)]


Current CompileTask:
C2:   6663 3478       4       org.springframework.boot.context.properties.source.ConfigurationPropertyName$ElementsParser::parse (234 bytes)

Stack: [0x00000056f5e00000,0x00000056f5f00000]
Native frames: (J=compiled Java code, j=interpreted, Vv=VM code, C=native code)
V  [jvm.dll+0x67754a]
V  [jvm.dll+0x834304]
V  [jvm.dll+0x835aae]
V  [jvm.dll+0x836113]
V  [jvm.dll+0x24696f]
V  [jvm.dll+0xac0ac]
V  [jvm.dll+0xac67c]
V  [jvm.dll+0x364e37]
V  [jvm.dll+0x1bca82]
V  [jvm.dll+0x219799]
V  [jvm.dll+0x218a61]
V  [jvm.dll+0x1a4d8d]
V  [jvm.dll+0x2284da]
V  [jvm.dll+0x226615]
V  [jvm.dll+0x7ea90b]
V  [jvm.dll+0x7e4e7a]
V  [jvm.dll+0x676395]
C  [ucrtbase.dll+0x29363]
C  [KERNEL32.DLL+0x1257d]
C  [ntdll.dll+0x5aa58]


---------------  P R O C E S S  ---------------

Threads class SMR info:
_java_thread_list=0x00000189320ced80, length=14, elements={
0x0000018915cf8190, 0x000001892cdb5020, 0x000001892cdb6390, 0x000001892cda2830,
0x0000018931008ef0, 0x000001893100e080, 0x000001893100cd40, 0x0000018931017350,
0x000001892cdd67c0, 0x000001892cdf5850, 0x000001893100e550, 0x000001893100ea20,
0x000001893100f3c0, 0x000001893100ba00
}

Java Threads: ( => current thread )
  0x0000018915cf8190 JavaThread "main" [_thread_blocked, id=8028, stack(0x00000056f5100000,0x00000056f5200000)]
  0x000001892cdb5020 JavaThread "Reference Handler" daemon [_thread_blocked, id=15152, stack(0x00000056f5800000,0x00000056f5900000)]
  0x000001892cdb6390 JavaThread "Finalizer" daemon [_thread_blocked, id=12388, stack(0x00000056f5900000,0x00000056f5a00000)]
  0x000001892cda2830 JavaThread "Signal Dispatcher" daemon [_thread_blocked, id=8800, stack(0x00000056f5a00000,0x00000056f5b00000)]
  0x0000018931008ef0 JavaThread "Attach Listener" daemon [_thread_blocked, id=876, stack(0x00000056f5b00000,0x00000056f5c00000)]
  0x000001893100e080 JavaThread "Service Thread" daemon [_thread_blocked, id=13176, stack(0x00000056f5c00000,0x00000056f5d00000)]
  0x000001893100cd40 JavaThread "Monitor Deflation Thread" daemon [_thread_blocked, id=19612, stack(0x00000056f5d00000,0x00000056f5e00000)]
=>0x0000018931017350 JavaThread "C2 CompilerThread0" daemon [_thread_in_native, id=10388, stack(0x00000056f5e00000,0x00000056f5f00000)]
  0x000001892cdd67c0 JavaThread "C1 CompilerThread0" daemon [_thread_blocked, id=3760, stack(0x00000056f5f00000,0x00000056f6000000)]
  0x000001892cdf5850 JavaThread "Sweeper thread" daemon [_thread_blocked, id=13668, stack(0x00000056f6000000,0x00000056f6100000)]
  0x000001893100e550 JavaThread "Notification Thread" daemon [_thread_blocked, id=17664, stack(0x00000056f6100000,0x00000056f6200000)]
  0x000001893100ea20 JavaThread "Common-Cleaner" daemon [_thread_blocked, id=9396, stack(0x00000056f6300000,0x00000056f6400000)]
  0x000001893100f3c0 JavaThread "Thread-0" [_thread_blocked, id=19412, stack(0x00000056f6700000,0x00000056f6800000)]
  0x000001893100ba00 JavaThread "restartedMain" [_thread_in_vm, id=2340, stack(0x00000056f6800000,0x00000056f6900000)]

Other Threads:
  0x000001892cd93150 VMThread "VM Thread" [stack: 0x00000056f5700000,0x00000056f5800000] [id=12508]
  0x000001893115d040 WatcherThread [stack: 0x00000056f6200000,0x00000056f6300000] [id=14668]
  0x0000018915d37ab0 GCTaskThread "GC Thread#0" [stack: 0x00000056f5200000,0x00000056f5300000] [id=17244]
  0x0000018931ad1260 GCTaskThread "GC Thread#1" [stack: 0x00000056f6400000,0x00000056f6500000] [id=3296]
  0x0000018931ad1920 GCTaskThread "GC Thread#2" [stack: 0x00000056f6500000,0x00000056f6600000] [id=12484]
  0x00000189317c9f20 GCTaskThread "GC Thread#3" [stack: 0x00000056f6600000,0x00000056f6700000] [id=1692]
  0x0000018915d406f0 ConcurrentGCThread "G1 Main Marker" [stack: 0x00000056f5300000,0x00000056f5400000] [id=10868]
  0x0000018915d418a0 ConcurrentGCThread "G1 Conc#0" [stack: 0x00000056f5400000,0x00000056f5500000] [id=8776]
  0x0000018915d8eb00 ConcurrentGCThread "G1 Refine#0" [stack: 0x00000056f5500000,0x00000056f5600000] [id=8940]
  0x0000018915d8fcc0 ConcurrentGCThread "G1 Service" [stack: 0x00000056f5600000,0x00000056f5700000] [id=19356]

Threads with active compile tasks:
C2 CompilerThread0     6753 3478       4       org.springframework.boot.context.properties.source.ConfigurationPropertyName$ElementsParser::parse (234 bytes)

VM state: not at safepoint (normal execution)

VM Mutex/Monitor currently owned by a thread: None

Heap address: 0x00000000c1800000, size: 1000 MB, Compressed Oops mode: 32-bit

CDS archive(s) not mapped
Compressed class space mapped at: 0x0000000100000000-0x0000000140000000, reserved size: 1073741824
Narrow klass base: 0x0000000000000000, Narrow klass shift: 3, Narrow klass range: 0x140000000

GC Precious Log:
 CPUs: 4 total, 4 available
 Memory: 3994M
 Large Page Support: Disabled
 NUMA Support: Disabled
 Compressed Oops: Enabled (32-bit)
 Heap Region Size: 1M
 Heap Min Capacity: 8M
 Heap Initial Capacity: 64M
 Heap Max Capacity: 1000M
 Pre-touch: Disabled
 Parallel Workers: 4
 Concurrent Workers: 1
 Concurrent Refinement Workers: 4
 Periodic GC: Disabled

Heap:
 garbage-first heap   total 37888K, used 22166K [0x00000000c1800000, 0x0000000100000000)
  region size 1024K, 8 young (8192K), 2 survivors (2048K)
 Metaspace       used 36391K, committed 36800K, reserved 1114112K
  class space    used 4278K, committed 4480K, reserved 1048576K

Heap Regions: E=young(eden), S=young(survivor), O=old, HS=humongous(starts), HC=humongous(continues), CS=collection set, F=free, OA=open archive, CA=closed archive, TAMS=top-at-mark-start (previous, next)
|   0|0x00000000c1800000, 0x00000000c1900000, 0x00000000c1900000|100%|HS|  |TAMS 0x00000000c1900000, 0x00000000c1800000| Complete 
|   1|0x00000000c1900000, 0x00000000c1a00000, 0x00000000c1a00000|100%| O|  |TAMS 0x00000000c1a00000, 0x00000000c1900000| Untracked 
|   2|0x00000000c1a00000, 0x00000000c1b00000, 0x00000000c1b00000|100%| O|  |TAMS 0x00000000c1b00000, 0x00000000c1a00000| Untracked 
|   3|0x00000000c1b00000, 0x00000000c1c00000, 0x00000000c1c00000|100%| O|  |TAMS 0x00000000c1c00000, 0x00000000c1b00000| Untracked 
|   4|0x00000000c1c00000, 0x00000000c1d00000, 0x00000000c1d00000|100%| O|  |TAMS 0x00000000c1d00000, 0x00000000c1c00000| Untracked 
|   5|0x00000000c1d00000, 0x00000000c1e00000, 0x00000000c1e00000|100%| O|  |TAMS 0x00000000c1e00000, 0x00000000c1d00000| Untracked 
|   6|0x00000000c1e00000, 0x00000000c1f00000, 0x00000000c1f00000|100%| O|  |TAMS 0x00000000c1f00000, 0x00000000c1e00000| Untracked 
|   7|0x00000000c1f00000, 0x00000000c2000000, 0x00000000c2000000|100%| O|  |TAMS 0x00000000c2000000, 0x00000000c1f00000| Untracked 
|   8|0x00000000c2000000, 0x00000000c2100000, 0x00000000c2100000|100%| O|  |TAMS 0x00000000c2100000, 0x00000000c2000000| Untracked 
|   9|0x00000000c2100000, 0x00000000c2200000, 0x00000000c2200000|100%| O|  |TAMS 0x00000000c2200000, 0x00000000c2100000| Untracked 
|  10|0x00000000c2200000, 0x00000000c2300000, 0x00000000c2300000|100%| O|  |TAMS 0x00000000c2300000, 0x00000000c2200000| Untracked 
|  11|0x00000000c2300000, 0x00000000c2400000, 0x00000000c2400000|100%| O|  |TAMS 0x00000000c2400000, 0x00000000c2300000| Untracked 
|  12|0x00000000c2400000, 0x00000000c2500000, 0x00000000c2500000|100%| O|  |TAMS 0x00000000c2500000, 0x00000000c2400000| Untracked 
|  13|0x00000000c2500000, 0x00000000c2600000, 0x00000000c2600000|100%| O|  |TAMS 0x00000000c25eb000, 0x00000000c2500000| Untracked 
|  14|0x00000000c2600000, 0x00000000c2700000, 0x00000000c2700000|100%| O|  |TAMS 0x00000000c2600000, 0x00000000c2600000| Untracked 
|  15|0x00000000c2700000, 0x00000000c2791c00, 0x00000000c2800000| 56%| O|  |TAMS 0x00000000c2700000, 0x00000000c2700000| Untracked 
|  16|0x00000000c2800000, 0x00000000c2800000, 0x00000000c2900000|  0%| F|  |TAMS 0x00000000c2800000, 0x00000000c2800000| Untracked 
|  17|0x00000000c2900000, 0x00000000c2900000, 0x00000000c2a00000|  0%| F|  |TAMS 0x00000000c2900000, 0x00000000c2900000| Untracked 
|  18|0x00000000c2a00000, 0x00000000c2a00000, 0x00000000c2b00000|  0%| F|  |TAMS 0x00000000c2a00000, 0x00000000c2a00000| Untracked 
|  19|0x00000000c2b00000, 0x00000000c2b00000, 0x00000000c2c00000|  0%| F|  |TAMS 0x00000000c2b00000, 0x00000000c2b00000| Untracked 
|  20|0x00000000c2c00000, 0x00000000c2c00000, 0x00000000c2d00000|  0%| F|  |TAMS 0x00000000c2c00000, 0x00000000c2c00000| Untracked 
|  21|0x00000000c2d00000, 0x00000000c2d00000, 0x00000000c2e00000|  0%| F|  |TAMS 0x00000000c2d00000, 0x00000000c2d00000| Untracked 
|  22|0x00000000c2e00000, 0x00000000c2e00000, 0x00000000c2f00000|  0%| F|  |TAMS 0x00000000c2e00000, 0x00000000c2e00000| Untracked 
|  23|0x00000000c2f00000, 0x00000000c2f00000, 0x00000000c3000000|  0%| F|  |TAMS 0x00000000c2f00000, 0x00000000c2f00000| Untracked 
|  24|0x00000000c3000000, 0x00000000c3000000, 0x00000000c3100000|  0%| F|  |TAMS 0x00000000c3000000, 0x00000000c3000000| Untracked 
|  25|0x00000000c3100000, 0x00000000c3100000, 0x00000000c3200000|  0%| F|  |TAMS 0x00000000c3100000, 0x00000000c3100000| Untracked 
|  26|0x00000000c3200000, 0x00000000c3213de8, 0x00000000c3300000|  7%| S|CS|TAMS 0x00000000c3200000, 0x00000000c3200000| Complete 
|  27|0x00000000c3300000, 0x00000000c3400000, 0x00000000c3400000|100%| S|CS|TAMS 0x00000000c3300000, 0x00000000c3300000| Complete 
|  28|0x00000000c3400000, 0x00000000c3400000, 0x00000000c3500000|  0%| F|  |TAMS 0x00000000c3400000, 0x00000000c3400000| Untracked 
|  29|0x00000000c3500000, 0x00000000c3500000, 0x00000000c3600000|  0%| F|  |TAMS 0x00000000c3500000, 0x00000000c3500000| Untracked 
|  30|0x00000000c3600000, 0x00000000c3600000, 0x00000000c3700000|  0%| F|  |TAMS 0x00000000c3600000, 0x00000000c3600000| Untracked 
|  31|0x00000000c3700000, 0x00000000c3773e20, 0x00000000c3800000| 45%| E|  |TAMS 0x00000000c3700000, 0x00000000c3700000| Complete 
|  32|0x00000000c3800000, 0x00000000c3900000, 0x00000000c3900000|100%| E|CS|TAMS 0x00000000c3800000, 0x00000000c3800000| Complete 
|  59|0x00000000c5300000, 0x00000000c5400000, 0x00000000c5400000|100%| E|CS|TAMS 0x00000000c5300000, 0x00000000c5300000| Complete 
|  60|0x00000000c5400000, 0x00000000c5500000, 0x00000000c5500000|100%| E|CS|TAMS 0x00000000c5400000, 0x00000000c5400000| Complete 
|  61|0x00000000c5500000, 0x00000000c5600000, 0x00000000c5600000|100%| E|CS|TAMS 0x00000000c5500000, 0x00000000c5500000| Complete 
|  63|0x00000000c5700000, 0x00000000c5800000, 0x00000000c5800000|100%| E|CS|TAMS 0x00000000c5700000, 0x00000000c5700000| Complete 

Card table byte_map: [0x00000189285a0000,0x00000189287a0000] _byte_map_base: 0x0000018927f94000

Marking Bits (Prev, Next): (CMBitMap*) 0x0000018915d380c0, (CMBitMap*) 0x0000018915d38100
 Prev Bits: [0x00000189289a0000, 0x0000018929940000)
 Next Bits: [0x0000018929940000, 0x000001892a8e0000)

Polling page: 0x0000018913cb0000

Metaspace:

Usage:
  Non-class:     31.38 MB used.
      Class:      4.18 MB used.
       Both:     35.56 MB used.

Virtual space:
  Non-class space:       64.00 MB reserved,      31.62 MB ( 49%) committed,  1 nodes.
      Class space:        1.00 GB reserved,       4.38 MB ( <1%) committed,  1 nodes.
             Both:        1.06 GB reserved,      36.00 MB (  3%) committed. 

Chunk freelists:
   Non-Class:  15.84 MB
       Class:  11.51 MB
        Both:  27.35 MB

MaxMetaspaceSize: unlimited
CompressedClassSpaceSize: 1.00 GB
Initial GC threshold: 21.00 MB
Current GC threshold: 59.00 MB
CDS: off
MetaspaceReclaimPolicy: balanced
 - commit_granule_bytes: 65536.
 - commit_granule_words: 8192.
 - virtual_space_node_default_size: 8388608.
 - enlarge_chunks_in_place: 1.
 - new_chunks_are_fully_committed: 0.
 - uncommit_free_chunks: 1.
 - use_allocation_guard: 0.
 - handle_deallocations: 1.


Internal statistics:

num_allocs_failed_limit: 8.
num_arena_births: 484.
num_arena_deaths: 0.
num_vsnodes_births: 2.
num_vsnodes_deaths: 0.
num_space_committed: 576.
num_space_uncommitted: 0.
num_chunks_returned_to_freelist: 8.
num_chunks_taken_from_freelist: 1503.
num_chunk_merges: 8.
num_chunk_splits: 1005.
num_chunks_enlarged: 713.
num_inconsistent_stats: 0.

CodeHeap 'non-profiled nmethods': size=120000Kb used=1450Kb max_used=1450Kb free=118549Kb
 bounds [0x0000018920e70000, 0x00000189210e0000, 0x00000189283a0000]
CodeHeap 'profiled nmethods': size=120000Kb used=7824Kb max_used=7824Kb free=112175Kb
 bounds [0x00000189193a0000, 0x0000018919b50000, 0x00000189208d0000]
CodeHeap 'non-nmethods': size=5760Kb used=1210Kb max_used=1250Kb free=4549Kb
 bounds [0x00000189208d0000, 0x0000018920b40000, 0x0000018920e70000]
 total_blobs=4232 nmethods=3717 adapters=426
 compilation: enabled
              stopped_count=0, restarted_count=0
 full_count=0

Compilation events (20 events):
Event: 6.645 Thread 0x000001892cdd67c0 nmethod 3701 0x0000018919b2da90 code [0x0000018919b2dc20, 0x0000018919b2dd18]
Event: 6.645 Thread 0x000001892cdd67c0 3702  s    2       java.io.ByteArrayOutputStream::toString (18 bytes)
Event: 6.645 Thread 0x000001892cdd67c0 nmethod 3702 0x0000018919b2dd90 code [0x0000018919b2df40, 0x0000018919b2e188]
Event: 6.647 Thread 0x000001892cdd67c0 3703       2       jdk.internal.misc.Unsafe::checkOffset (32 bytes)
Event: 6.648 Thread 0x000001892cdd67c0 nmethod 3703 0x0000018919b2e290 code [0x0000018919b2e440, 0x0000018919b2e608]
Event: 6.648 Thread 0x000001892cdd67c0 3704   !   3       java.util.jar.Attributes::read (494 bytes)
Event: 6.653 Thread 0x000001892cdd67c0 nmethod 3704 0x0000018919b2e710 code [0x0000018919b2ef00, 0x0000018919b32f48]
Event: 6.653 Thread 0x000001892cdd67c0 3708  s    2       jdk.internal.perf.PerfCounter::get (9 bytes)
Event: 6.653 Thread 0x000001892cdd67c0 nmethod 3708 0x0000018919b34910 code [0x0000018919b34ac0, 0x0000018919b34ca8]
Event: 6.653 Thread 0x000001892cdd67c0 3709   !   2       java.nio.DirectLongBufferU::get (36 bytes)
Event: 6.654 Thread 0x000001892cdd67c0 nmethod 3709 0x0000018919b34d90 code [0x0000018919b34f80, 0x0000018919b352b8]
Event: 6.654 Thread 0x000001892cdd67c0 3710   !   2       jdk.internal.misc.ScopedMemoryAccess::getLong (20 bytes)
Event: 6.654 Thread 0x000001892cdd67c0 nmethod 3710 0x0000018919b35610 code [0x0000018919b357c0, 0x0000018919b35a18]
Event: 6.654 Thread 0x000001892cdd67c0 3705       2       java.util.WeakHashMap::size (18 bytes)
Event: 6.654 Thread 0x000001892cdd67c0 nmethod 3705 0x0000018919b35b90 code [0x0000018919b35d40, 0x0000018919b35ea8]
Event: 6.654 Thread 0x000001892cdd67c0 3706       2       java.util.WeakHashMap::isEmpty (13 bytes)
Event: 6.655 Thread 0x000001892cdd67c0 nmethod 3706 0x0000018919b35f90 code [0x0000018919b36120, 0x0000018919b36288]
Event: 6.656 Thread 0x000001892cdd67c0 3711       2       jdk.internal.loader.BuiltinClassLoader$1::hasMoreElements (5 bytes)
Event: 6.656 Thread 0x000001892cdd67c0 nmethod 3711 0x0000018919b36390 code [0x0000018919b36520, 0x0000018919b36648]
Event: 6.658 Thread 0x000001892cdd67c0 3712 %     3       sun.security.provider.SHA::implCompress0 @ 137 (506 bytes)

GC Heap History (20 events):
Event: 1.478 GC heap before
{Heap before GC invocations=1 (full 0):
 garbage-first heap   total 65536K, used 17183K [0x00000000c1800000, 0x0000000100000000)
  region size 1024K, 13 young (13312K), 2 survivors (2048K)
 Metaspace       used 13971K, committed 14144K, reserved 1114112K
  class space    used 1394K, committed 1472K, reserved 1048576K
}
Event: 1.482 GC heap after
{Heap after GC invocations=2 (full 0):
 garbage-first heap   total 65536K, used 6706K [0x00000000c1800000, 0x0000000100000000)
  region size 1024K, 1 young (1024K), 1 survivors (1024K)
 Metaspace       used 13971K, committed 14144K, reserved 1114112K
  class space    used 1394K, committed 1472K, reserved 1048576K
}
Event: 2.900 GC heap before
{Heap before GC invocations=2 (full 0):
 garbage-first heap   total 65536K, used 29234K [0x00000000c1800000, 0x0000000100000000)
  region size 1024K, 24 young (24576K), 1 survivors (1024K)
 Metaspace       used 20677K, committed 20928K, reserved 1114112K
  class space    used 2214K, committed 2304K, reserved 1048576K
}
Event: 2.906 GC heap after
{Heap after GC invocations=3 (full 0):
 garbage-first heap   total 65536K, used 8855K [0x00000000c1800000, 0x0000000100000000)
  region size 1024K, 3 young (3072K), 3 survivors (3072K)
 Metaspace       used 20677K, committed 20928K, reserved 1114112K
  class space    used 2214K, committed 2304K, reserved 1048576K
}
Event: 2.978 GC heap before
{Heap before GC invocations=3 (full 0):
 garbage-first heap   total 65536K, used 9879K [0x00000000c1800000, 0x0000000100000000)
  region size 1024K, 5 young (5120K), 3 survivors (3072K)
 Metaspace       used 21317K, committed 21504K, reserved 1114112K
  class space    used 2284K, committed 2368K, reserved 1048576K
}
Event: 2.984 GC heap after
{Heap after GC invocations=4 (full 0):
 garbage-first heap   total 65536K, used 9004K [0x00000000c1800000, 0x0000000100000000)
  region size 1024K, 3 young (3072K), 3 survivors (3072K)
 Metaspace       used 21317K, committed 21504K, reserved 1114112K
  class space    used 2284K, committed 2368K, reserved 1048576K
}
Event: 3.849 GC heap before
{Heap before GC invocations=5 (full 0):
 garbage-first heap   total 37888K, used 27436K [0x00000000c1800000, 0x0000000100000000)
  region size 1024K, 22 young (22528K), 3 survivors (3072K)
 Metaspace       used 25742K, committed 26048K, reserved 1114112K
  class space    used 2873K, committed 3008K, reserved 1048576K
}
Event: 3.856 GC heap after
{Heap after GC invocations=6 (full 0):
 garbage-first heap   total 37888K, used 11257K [0x00000000c1800000, 0x0000000100000000)
  region size 1024K, 3 young (3072K), 3 survivors (3072K)
 Metaspace       used 25742K, committed 26048K, reserved 1114112K
  class space    used 2873K, committed 3008K, reserved 1048576K
}
Event: 3.888 GC heap before
{Heap before GC invocations=6 (full 0):
 garbage-first heap   total 37888K, used 12281K [0x00000000c1800000, 0x0000000100000000)
  region size 1024K, 4 young (4096K), 3 survivors (3072K)
 Metaspace       used 25949K, committed 26176K, reserved 1114112K
  class space    used 2891K, committed 3008K, reserved 1048576K
}
Event: 3.892 GC heap after
{Heap after GC invocations=7 (full 0):
 garbage-first heap   total 37888K, used 11615K [0x00000000c1800000, 0x0000000100000000)
  region size 1024K, 1 young (1024K), 1 survivors (1024K)
 Metaspace       used 25949K, committed 26176K, reserved 1114112K
  class space    used 2891K, committed 3008K, reserved 1048576K
}
Event: 4.325 GC heap before
{Heap before GC invocations=7 (full 0):
 garbage-first heap   total 37888K, used 23903K [0x00000000c1800000, 0x0000000100000000)
  region size 1024K, 14 young (14336K), 1 survivors (1024K)
 Metaspace       used 27204K, committed 27456K, reserved 1114112K
  class space    used 3031K, committed 3136K, reserved 1048576K
}
Event: 4.328 GC heap after
{Heap after GC invocations=8 (full 0):
 garbage-first heap   total 37888K, used 12464K [0x00000000c1800000, 0x0000000100000000)
  region size 1024K, 2 young (2048K), 2 survivors (2048K)
 Metaspace       used 27204K, committed 27456K, reserved 1114112K
  class space    used 3031K, committed 3136K, reserved 1048576K
}
Event: 4.881 GC heap before
{Heap before GC invocations=8 (full 0):
 garbage-first heap   total 37888K, used 24752K [0x00000000c1800000, 0x0000000100000000)
  region size 1024K, 15 young (15360K), 2 survivors (2048K)
 Metaspace       used 28806K, committed 29120K, reserved 1114112K
  class space    used 3234K, committed 3392K, reserved 1048576K
}
Event: 4.884 GC heap after
{Heap after GC invocations=9 (full 0):
 garbage-first heap   total 37888K, used 13404K [0x00000000c1800000, 0x0000000100000000)
  region size 1024K, 1 young (1024K), 1 survivors (1024K)
 Metaspace       used 28806K, committed 29120K, reserved 1114112K
  class space    used 3234K, committed 3392K, reserved 1048576K
}
Event: 5.500 GC heap before
{Heap before GC invocations=9 (full 0):
 garbage-first heap   total 37888K, used 26716K [0x00000000c1800000, 0x0000000100000000)
  region size 1024K, 14 young (14336K), 1 survivors (1024K)
 Metaspace       used 30903K, committed 31232K, reserved 1114112K
  class space    used 3553K, committed 3712K, reserved 1048576K
}
Event: 5.505 GC heap after
{Heap after GC invocations=10 (full 0):
 garbage-first heap   total 37888K, used 14451K [0x00000000c1800000, 0x0000000100000000)
  region size 1024K, 2 young (2048K), 2 survivors (2048K)
 Metaspace       used 30903K, committed 31232K, reserved 1114112K
  class space    used 3553K, committed 3712K, reserved 1048576K
}
Event: 6.064 GC heap before
{Heap before GC invocations=10 (full 0):
 garbage-first heap   total 37888K, used 26739K [0x00000000c1800000, 0x0000000100000000)
  region size 1024K, 15 young (15360K), 2 survivors (2048K)
 Metaspace       used 33478K, committed 33856K, reserved 1114112K
  class space    used 3911K, committed 4096K, reserved 1048576K
}
Event: 6.070 GC heap after
{Heap after GC invocations=11 (full 0):
 garbage-first heap   total 37888K, used 16033K [0x00000000c1800000, 0x0000000100000000)
  region size 1024K, 2 young (2048K), 2 survivors (2048K)
 Metaspace       used 33478K, committed 33856K, reserved 1114112K
  class space    used 3911K, committed 4096K, reserved 1048576K
}
Event: 6.559 GC heap before
{Heap before GC invocations=11 (full 0):
 garbage-first heap   total 37888K, used 24225K [0x00000000c1800000, 0x0000000100000000)
  region size 1024K, 11 young (11264K), 2 survivors (2048K)
 Metaspace       used 35649K, committed 35968K, reserved 1114112K
  class space    used 4199K, committed 4352K, reserved 1048576K
}
Event: 6.563 GC heap after
{Heap after GC invocations=12 (full 0):
 garbage-first heap   total 37888K, used 17046K [0x00000000c1800000, 0x0000000100000000)
  region size 1024K, 2 young (2048K), 2 survivors (2048K)
 Metaspace       used 35649K, committed 35968K, reserved 1114112K
  class space    used 4199K, committed 4352K, reserved 1048576K
}

Dll operation events (8 events):
Event: 0.028 Loaded shared library C:\Users\SIDDHARTH TIWARI\.p2\pool\plugins\org.eclipse.justj.openjdk.hotspot.jre.full.win32.x86_64_17.0.7.v20230425-1502\jre\bin\java.dll
Event: 0.311 Loaded shared library C:\Users\SIDDHARTH TIWARI\.p2\pool\plugins\org.eclipse.justj.openjdk.hotspot.jre.full.win32.x86_64_17.0.7.v20230425-1502\jre\bin\net.dll
Event: 0.313 Loaded shared library C:\Users\SIDDHARTH TIWARI\.p2\pool\plugins\org.eclipse.justj.openjdk.hotspot.jre.full.win32.x86_64_17.0.7.v20230425-1502\jre\bin\nio.dll
Event: 0.322 Loaded shared library C:\Users\SIDDHARTH TIWARI\.p2\pool\plugins\org.eclipse.justj.openjdk.hotspot.jre.full.win32.x86_64_17.0.7.v20230425-1502\jre\bin\zip.dll
Event: 0.558 Loaded shared library C:\Users\SIDDHARTH TIWARI\.p2\pool\plugins\org.eclipse.justj.openjdk.hotspot.jre.full.win32.x86_64_17.0.7.v20230425-1502\jre\bin\jimage.dll
Event: 1.125 Loaded shared library C:\Users\SIDDHARTH TIWARI\.p2\pool\plugins\org.eclipse.justj.openjdk.hotspot.jre.full.win32.x86_64_17.0.7.v20230425-1502\jre\bin\management.dll
Event: 1.135 Loaded shared library C:\Users\SIDDHARTH TIWARI\.p2\pool\plugins\org.eclipse.justj.openjdk.hotspot.jre.full.win32.x86_64_17.0.7.v20230425-1502\jre\bin\management_ext.dll
Event: 3.839 Loaded shared library C:\Users\SIDDHARTH TIWARI\.p2\pool\plugins\org.eclipse.justj.openjdk.hotspot.jre.full.win32.x86_64_17.0.7.v20230425-1502\jre\bin\sunmscapi.dll

Deoptimization events (20 events):
Event: 6.061 Thread 0x000001893100ba00 DEOPT PACKING pc=0x0000018920f5f588 sp=0x00000056f68fa280
Event: 6.061 Thread 0x000001893100ba00 DEOPT UNPACKING pc=0x00000189209269a3 sp=0x00000056f68fa1f0 mode 2
Event: 6.075 Thread 0x000001893100ba00 Uncommon trap: trap_request=0xffffffde fr.pc=0x0000018920f5f588 relative=0x00000000000012c8
Event: 6.075 Thread 0x000001893100ba00 Uncommon trap: reason=class_check action=maybe_recompile pc=0x0000018920f5f588 method=java.util.concurrent.ConcurrentHashMap.putVal(Ljava/lang/Object;Ljava/lang/Object;Z)Ljava/lang/Object; @ 242 c2
Event: 6.075 Thread 0x000001893100ba00 DEOPT PACKING pc=0x0000018920f5f588 sp=0x00000056f68fcfc0
Event: 6.075 Thread 0x000001893100ba00 DEOPT UNPACKING pc=0x00000189209269a3 sp=0x00000056f68fcf30 mode 2
Event: 6.162 Thread 0x000001893100ba00 Uncommon trap: trap_request=0xffffff45 fr.pc=0x0000018920ec4b84 relative=0x0000000000000064
Event: 6.162 Thread 0x000001893100ba00 Uncommon trap: reason=unstable_if action=reinterpret pc=0x0000018920ec4b84 method=sun.net.www.ParseUtil.firstEncodeIndex(Ljava/lang/String;)I @ 51 c2
Event: 6.162 Thread 0x000001893100ba00 DEOPT PACKING pc=0x0000018920ec4b84 sp=0x00000056f68f9c00
Event: 6.162 Thread 0x000001893100ba00 DEOPT UNPACKING pc=0x00000189209269a3 sp=0x00000056f68f9b88 mode 2
Event: 6.218 Thread 0x000001893100ba00 DEOPT PACKING pc=0x000001891953f2d9 sp=0x00000056f68fd0f0
Event: 6.218 Thread 0x000001893100ba00 DEOPT UNPACKING pc=0x0000018920927143 sp=0x00000056f68fc5e0 mode 0
Event: 6.233 Thread 0x000001893100ba00 DEOPT PACKING pc=0x000001891953f2d9 sp=0x00000056f68fd4d0
Event: 6.233 Thread 0x000001893100ba00 DEOPT UNPACKING pc=0x0000018920927143 sp=0x00000056f68fc9c0 mode 0
Event: 6.239 Thread 0x000001893100ba00 DEOPT PACKING pc=0x000001891953f2d9 sp=0x00000056f68fc960
Event: 6.239 Thread 0x000001893100ba00 DEOPT UNPACKING pc=0x0000018920927143 sp=0x00000056f68fbe50 mode 0
Event: 6.525 Thread 0x000001893100ba00 DEOPT PACKING pc=0x0000018919af1020 sp=0x00000056f68fa020
Event: 6.525 Thread 0x000001893100ba00 DEOPT UNPACKING pc=0x0000018920927143 sp=0x00000056f68f9538 mode 0
Event: 6.648 Thread 0x000001893100ba00 DEOPT PACKING pc=0x00000189197aaded sp=0x00000056f68fdc70
Event: 6.648 Thread 0x000001893100ba00 DEOPT UNPACKING pc=0x0000018920927143 sp=0x00000056f68fd228 mode 0

Classes unloaded (0 events):
No events

Classes redefined (0 events):
No events

Internal exceptions (20 events):
Event: 5.601 Thread 0x000001893100ba00 Exception <a 'java/lang/NoClassDefFoundError'{0x00000000c5417450}: org/flywaydb/core/Flyway> (0x00000000c5417450) 
thrown [s\src\hotspot\share\classfile\systemDictionary.cpp, line 245]
Event: 5.601 Thread 0x000001893100ba00 Exception <a 'java/lang/NoClassDefFoundError'{0x00000000c5418988}: liquibase/integration/spring/SpringLiquibase> (0x00000000c5418988) 
thrown [s\src\hotspot\share\classfile\systemDictionary.cpp, line 245]
Event: 5.666 Thread 0x000001893100ba00 Exception <a 'java/lang/NoClassDefFoundError'{0x00000000c382d8e0}: org/jooq/DSLContext> (0x00000000c382d8e0) 
thrown [s\src\hotspot\share\classfile\systemDictionary.cpp, line 245]
Event: 5.670 Thread 0x000001893100ba00 Exception <a 'java/lang/NoClassDefFoundError'{0x00000000c3839378}: org/springframework/batch/core/repository/JobRepository> (0x00000000c3839378) 
thrown [s\src\hotspot\share\classfile\systemDictionary.cpp, line 245]
Event: 5.671 Thread 0x000001893100ba00 Exception <a 'java/lang/NoClassDefFoundError'{0x00000000c383a600}: org/quartz/Scheduler> (0x00000000c383a600) 
thrown [s\src\hotspot\share\classfile\systemDictionary.cpp, line 245]
Event: 5.671 Thread 0x000001893100ba00 Exception <a 'java/lang/NoClassDefFoundError'{0x00000000c383bf30}: org/springframework/session/jdbc/JdbcIndexedSessionRepository> (0x00000000c383bf30) 
thrown [s\src\hotspot\share\classfile\systemDictionary.cpp, line 245]
Event: 5.759 Thread 0x000001893100ba00 Exception <a 'java/lang/NoSuchMethodError'{0x00000000c3757468}: 'void java.lang.invoke.DirectMethodHandle$Holder.invokeSpecial(java.lang.Object, java.lang.Object, java.lang.Object, java.lang.Object, java.lang.Object, java.lang.Object)'> (0x00000000c3757468) 
thrown [s\src\hotspot\share\interpreter\linkResolver.cpp, line 759]
Event: 6.027 Thread 0x000001893100ba00 Exception <a 'java/lang/NoSuchMethodError'{0x00000000c31e3b68}: 'void java.lang.invoke.DirectMethodHandle$Holder.invokeStatic(java.lang.Object, java.lang.Object, int)'> (0x00000000c31e3b68) 
thrown [s\src\hotspot\share\interpreter\linkResolver.cpp, line 759]
Event: 6.094 Thread 0x000001893100ba00 Exception <a 'java/lang/NoSuchMethodError'{0x00000000c57aaba0}: 'void java.lang.invoke.DirectMethodHandle$Holder.invokeInterface(java.lang.Object, java.lang.Object, int)'> (0x00000000c57aaba0) 
thrown [s\src\hotspot\share\interpreter\linkResolver.cpp, line 759]
Event: 6.102 Thread 0x000001893100ba00 Exception <a 'java/lang/IncompatibleClassChangeError'{0x00000000c57fade0}: Found class java.lang.Object, but interface was expected> (0x00000000c57fade0) 
thrown [s\src\hotspot\share\interpreter\linkResolver.cpp, line 826]
Event: 6.104 Thread 0x000001893100ba00 Exception <a 'java/lang/NoSuchMethodError'{0x00000000c550bfb8}: 'int java.lang.invoke.DirectMethodHandle$Holder.invokeSpecialIFC(java.lang.Object, java.lang.Object, java.lang.Object)'> (0x00000000c550bfb8) 
thrown [s\src\hotspot\share\interpreter\linkResolver.cpp, line 759]
Event: 6.105 Thread 0x000001893100ba00 Exception <a 'java/lang/NoSuchMethodError'{0x00000000c5519e80}: 'void java.lang.invoke.DirectMethodHandle$Holder.invokeStatic(java.lang.Object, int, java.lang.Object)'> (0x00000000c5519e80) 
thrown [s\src\hotspot\share\interpreter\linkResolver.cpp, line 759]
Event: 6.117 Thread 0x000001893100ba00 Exception <a 'java/lang/NoSuchMethodError'{0x00000000c5555f20}: 'void java.lang.invoke.DirectMethodHandle$Holder.invokeVirtual(java.lang.Object, java.lang.Object, int)'> (0x00000000c5555f20) 
thrown [s\src\hotspot\share\interpreter\linkResolver.cpp, line 759]
Event: 6.118 Thread 0x000001893100ba00 Exception <a 'java/lang/NoSuchMethodError'{0x00000000c555c168}: 'void java.lang.invoke.DirectMethodHandle$Holder.invokeStatic(java.lang.Object, java.lang.Object, java.lang.Object, int, java.lang.Object)'> (0x00000000c555c168) 
thrown [s\src\hotspot\share\interpreter\linkResolver.cpp, line 759]
Event: 6.118 Thread 0x000001893100ba00 Exception <a 'java/lang/NoSuchMethodError'{0x00000000c5563670}: 'java.lang.Object java.lang.invoke.DirectMethodHandle$Holder.newInvokeSpecial(java.lang.Object, java.lang.Object, java.lang.Object, int)'> (0x00000000c5563670) 
thrown [s\src\hotspot\share\interpreter\linkResolver.cpp, line 759]
Event: 6.118 Thread 0x000001893100ba00 Exception <a 'java/lang/NoSuchMethodError'{0x00000000c5567958}: 'java.lang.Object java.lang.invoke.DirectMethodHandle$Holder.invokeSpecial(java.lang.Object, java.lang.Object, java.lang.Object, java.lang.Object, int)'> (0x00000000c5567958) 
thrown [s\src\hotspot\share\interpreter\linkResolver.cpp, line 759]
Event: 6.119 Thread 0x000001893100ba00 Exception <a 'java/lang/NoSuchMethodError'{0x00000000c556b520}: 'java.lang.Object java.lang.invoke.Invokers$Holder.linkToTargetMethod(java.lang.Object, java.lang.Object, int, java.lang.Object)'> (0x00000000c556b520) 
thrown [s\src\hotspot\share\interpreter\linkResolver.cpp, line 759]
Event: 6.257 Thread 0x000001893100ba00 Exception <a 'java/lang/NoSuchMethodError'{0x00000000c37345f0}: 'java.lang.Object java.lang.invoke.DirectMethodHandle$Holder.invokeStaticInit(java.lang.Object, int, int, int, int)'> (0x00000000c37345f0) 
thrown [s\src\hotspot\share\interpreter\linkResolver.cpp, line 759]
Event: 6.435 Thread 0x000001893100ba00 Exception <a 'java/lang/NoSuchMethodError'{0x00000000c37a3660}: 'java.lang.Object java.lang.invoke.DirectMethodHandle$Holder.invokeStaticInit(java.lang.Object, java.lang.Object, int, int, int, int)'> (0x00000000c37a3660) 
thrown [s\src\hotspot\share\interpreter\linkResolver.cpp, line 759]
Event: 6.658 Thread 0x000001893100ba00 Exception <a 'sun/nio/fs/WindowsException'{0x00000000c53b5e98}> (0x00000000c53b5e98) 
thrown [s\src\hotspot\share\prims\jni.cpp, line 516]

VM Operations (20 events):
Event: 5.779 Executing VM operation: HandshakeAllThreads
Event: 5.779 Executing VM operation: HandshakeAllThreads done
Event: 5.981 Executing VM operation: ICBufferFull
Event: 5.981 Executing VM operation: ICBufferFull done
Event: 6.013 Executing VM operation: HandshakeAllThreads
Event: 6.013 Executing VM operation: HandshakeAllThreads done
Event: 6.064 Executing VM operation: G1CollectForAllocation
Event: 6.070 Executing VM operation: G1CollectForAllocation done
Event: 6.199 Executing VM operation: HandshakeAllThreads
Event: 6.199 Executing VM operation: HandshakeAllThreads done
Event: 6.294 Executing VM operation: HandshakeAllThreads
Event: 6.294 Executing VM operation: HandshakeAllThreads done
Event: 6.359 Executing VM operation: HandshakeAllThreads
Event: 6.359 Executing VM operation: HandshakeAllThreads done
Event: 6.559 Executing VM operation: CollectForMetadataAllocation
Event: 6.564 Executing VM operation: CollectForMetadataAllocation done
Event: 6.599 Executing VM operation: G1Concurrent
Event: 6.603 Executing VM operation: G1Concurrent done
Event: 6.620 Executing VM operation: G1Concurrent
Event: 6.620 Executing VM operation: G1Concurrent done

Events (20 events):
Event: 6.565 loading class javax/management/NotificationBroadcasterSupport
Event: 6.565 loading class javax/management/NotificationBroadcasterSupport done
Event: 6.565 loading class javax/management/NotificationBroadcasterSupport$1
Event: 6.565 loading class javax/management/NotificationBroadcasterSupport$1 done
Event: 6.565 loading class javax/management/MBeanNotificationInfo
Event: 6.565 loading class javax/management/MBeanNotificationInfo done
Event: 6.565 loading class com/sun/jmx/remote/util/ClassLogger
Event: 6.566 loading class com/sun/jmx/remote/util/ClassLogger done
Event: 6.566 loading class jdk/internal/logger/LazyLoggers
Event: 6.568 loading class jdk/internal/logger/LazyLoggers done
Event: 6.568 loading class jdk/internal/logger/LazyLoggers$1
Event: 6.568 loading class jdk/internal/logger/LazyLoggers$1 done
Event: 6.568 loading class jdk/internal/logger/LazyLoggers$LazyLoggerFactories
Event: 6.568 loading class jdk/internal/logger/LazyLoggers$LazyLoggerFactories done
Event: 6.569 loading class jdk/internal/logger/LoggerFinderLoader
Event: 6.569 loading class jdk/internal/logger/LoggerFinderLoader done
Event: 6.570 loading class sun/util/logging/internal/LoggingProviderImpl$JULWrapper
Event: 6.572 loading class sun/util/logging/internal/LoggingProviderImpl$JULWrapper done
Event: 6.586 loading class java/lang/instrument/IllegalClassFormatException
Event: 6.588 loading class java/lang/instrument/IllegalClassFormatException done


Dynamic libraries:
0x00007ff6abf00000 - 0x00007ff6abf0e000 	C:\Users\SIDDHARTH TIWARI\.p2\pool\plugins\org.eclipse.justj.openjdk.hotspot.jre.full.win32.x86_64_17.0.7.v20230425-1502\jre\bin\javaw.exe
0x00007ffcf0ef0000 - 0x00007ffcf1107000 	C:\Windows\SYSTEM32\ntdll.dll
0x00007ffcef200000 - 0x00007ffcef2c4000 	C:\Windows\System32\KERNEL32.DLL
0x00007ffcee3f0000 - 0x00007ffcee796000 	C:\Windows\System32\KERNELBASE.dll
0x00007ffcee7a0000 - 0x00007ffcee8b1000 	C:\Windows\System32\ucrtbase.dll
0x00007ffce6520000 - 0x00007ffce6537000 	C:\Users\SIDDHARTH TIWARI\.p2\pool\plugins\org.eclipse.justj.openjdk.hotspot.jre.full.win32.x86_64_17.0.7.v20230425-1502\jre\bin\jli.dll
0x00007ffcd9480000 - 0x00007ffcd9499000 	C:\Users\SIDDHARTH TIWARI\.p2\pool\plugins\org.eclipse.justj.openjdk.hotspot.jre.full.win32.x86_64_17.0.7.v20230425-1502\jre\bin\VCRUNTIME140.dll
0x00007ffceed70000 - 0x00007ffceef1e000 	C:\Windows\System32\USER32.dll
0x00007ffcdb2e0000 - 0x00007ffcdb573000 	C:\Windows\WinSxS\amd64_microsoft.windows.common-controls_6595b64144ccf1df_6.0.22621.2506_none_270c5ae97388e100\COMCTL32.dll
0x00007ffceff10000 - 0x00007ffceffb7000 	C:\Windows\System32\msvcrt.dll
0x00007ffcf0ca0000 - 0x00007ffcf0cc9000 	C:\Windows\System32\GDI32.dll
0x00007ffcee8f0000 - 0x00007ffceea08000 	C:\Windows\System32\gdi32full.dll
0x00007ffcee350000 - 0x00007ffcee3ea000 	C:\Windows\System32\msvcp_win.dll
0x00007ffcee320000 - 0x00007ffcee346000 	C:\Windows\System32\win32u.dll
0x00007ffcf00f0000 - 0x00007ffcf0121000 	C:\Windows\System32\IMM32.DLL
0x00007ffce4c50000 - 0x00007ffce4c5c000 	C:\Users\SIDDHARTH TIWARI\.p2\pool\plugins\org.eclipse.justj.openjdk.hotspot.jre.full.win32.x86_64_17.0.7.v20230425-1502\jre\bin\vcruntime140_1.dll
0x00007ffcbc9a0000 - 0x00007ffcbca31000 	C:\Users\SIDDHARTH TIWARI\.p2\pool\plugins\org.eclipse.justj.openjdk.hotspot.jre.full.win32.x86_64_17.0.7.v20230425-1502\jre\bin\msvcp140.dll
0x00007ffca02e0000 - 0x00007ffca0f28000 	C:\Users\SIDDHARTH TIWARI\.p2\pool\plugins\org.eclipse.justj.openjdk.hotspot.jre.full.win32.x86_64_17.0.7.v20230425-1502\jre\bin\server\jvm.dll
0x00007ffcef090000 - 0x00007ffcef143000 	C:\Windows\System32\ADVAPI32.dll
0x00007ffcef150000 - 0x00007ffcef1f8000 	C:\Windows\System32\sechost.dll
0x00007ffcee8c0000 - 0x00007ffcee8e8000 	C:\Windows\System32\bcrypt.dll
0x00007ffcf0140000 - 0x00007ffcf0257000 	C:\Windows\System32\RPCRT4.dll
0x00007ffcdbc40000 - 0x00007ffcdbc49000 	C:\Windows\SYSTEM32\WSOCK32.dll
0x00007ffcef2d0000 - 0x00007ffcef341000 	C:\Windows\System32\WS2_32.dll
0x00007ffce68f0000 - 0x00007ffce6924000 	C:\Windows\SYSTEM32\WINMM.dll
0x00007ffce6fb0000 - 0x00007ffce6fba000 	C:\Windows\SYSTEM32\VERSION.dll
0x00007ffced280000 - 0x00007ffced298000 	C:\Windows\SYSTEM32\kernel.appcore.dll
0x00007ffce7b60000 - 0x00007ffce7b6a000 	C:\Users\SIDDHARTH TIWARI\.p2\pool\plugins\org.eclipse.justj.openjdk.hotspot.jre.full.win32.x86_64_17.0.7.v20230425-1502\jre\bin\jimage.dll
0x00007ffcebb90000 - 0x00007ffcebdc3000 	C:\Windows\SYSTEM32\DBGHELP.DLL
0x00007ffcf0770000 - 0x00007ffcf0af9000 	C:\Windows\System32\combase.dll
0x00007ffceec90000 - 0x00007ffceed67000 	C:\Windows\System32\OLEAUT32.dll
0x00007ffcd5b70000 - 0x00007ffcd5ba2000 	C:\Windows\SYSTEM32\dbgcore.DLL
0x00007ffcee230000 - 0x00007ffcee2aa000 	C:\Windows\System32\bcryptPrimitives.dll
0x00007ffce71e0000 - 0x00007ffce7205000 	C:\Users\SIDDHARTH TIWARI\.p2\pool\plugins\org.eclipse.justj.openjdk.hotspot.jre.full.win32.x86_64_17.0.7.v20230425-1502\jre\bin\java.dll
0x00007ffcda0e0000 - 0x00007ffcda0f8000 	C:\Users\SIDDHARTH TIWARI\.p2\pool\plugins\org.eclipse.justj.openjdk.hotspot.jre.full.win32.x86_64_17.0.7.v20230425-1502\jre\bin\zip.dll
0x00007ffcef3e0000 - 0x00007ffcefc3b000 	C:\Windows\System32\SHELL32.dll
0x00007ffcec190000 - 0x00007ffceca86000 	C:\Windows\SYSTEM32\windows.storage.dll
0x00007ffcec050000 - 0x00007ffcec18e000 	C:\Windows\SYSTEM32\wintypes.dll
0x00007ffcefda0000 - 0x00007ffcefe93000 	C:\Windows\System32\SHCORE.dll
0x00007ffceef20000 - 0x00007ffceef7e000 	C:\Windows\System32\shlwapi.dll
0x00007ffcee160000 - 0x00007ffcee186000 	C:\Windows\SYSTEM32\profapi.dll
0x00007ffcda000000 - 0x00007ffcda019000 	C:\Users\SIDDHARTH TIWARI\.p2\pool\plugins\org.eclipse.justj.openjdk.hotspot.jre.full.win32.x86_64_17.0.7.v20230425-1502\jre\bin\net.dll
0x00007ffce67b0000 - 0x00007ffce68e7000 	C:\Windows\SYSTEM32\WINHTTP.dll
0x00007ffced7e0000 - 0x00007ffced849000 	C:\Windows\system32\mswsock.dll
0x00007ffcd9ee0000 - 0x00007ffcd9ef5000 	C:\Users\SIDDHARTH TIWARI\.p2\pool\plugins\org.eclipse.justj.openjdk.hotspot.jre.full.win32.x86_64_17.0.7.v20230425-1502\jre\bin\nio.dll
0x00007ffcd95f0000 - 0x00007ffcd95f9000 	C:\Users\SIDDHARTH TIWARI\.p2\pool\plugins\org.eclipse.justj.openjdk.hotspot.jre.full.win32.x86_64_17.0.7.v20230425-1502\jre\bin\management.dll
0x00007ffcd9560000 - 0x00007ffcd956b000 	C:\Users\SIDDHARTH TIWARI\.p2\pool\plugins\org.eclipse.justj.openjdk.hotspot.jre.full.win32.x86_64_17.0.7.v20230425-1502\jre\bin\management_ext.dll
0x00007ffcf0130000 - 0x00007ffcf0138000 	C:\Windows\System32\PSAPI.DLL
0x00007ffce64f0000 - 0x00007ffce64fe000 	C:\Users\SIDDHARTH TIWARI\.p2\pool\plugins\org.eclipse.justj.openjdk.hotspot.jre.full.win32.x86_64_17.0.7.v20230425-1502\jre\bin\sunmscapi.dll
0x00007ffceead0000 - 0x00007ffceec36000 	C:\Windows\System32\CRYPT32.dll
0x00007ffcedbf0000 - 0x00007ffcedc1e000 	C:\Windows\SYSTEM32\ncrypt.dll
0x00007ffcedbb0000 - 0x00007ffcedbe7000 	C:\Windows\SYSTEM32\NTASN1.dll
0x00007ffceda40000 - 0x00007ffceda5b000 	C:\Windows\SYSTEM32\CRYPTSP.dll
0x00007ffced240000 - 0x00007ffced275000 	C:\Windows\system32\rsaenh.dll
0x00007ffced8d0000 - 0x00007ffced8fc000 	C:\Windows\SYSTEM32\USERENV.dll
0x00007ffceda30000 - 0x00007ffceda3c000 	C:\Windows\SYSTEM32\CRYPTBASE.dll
0x00007ffceccf0000 - 0x00007ffcecd1d000 	C:\Windows\SYSTEM32\IPHLPAPI.DLL
0x00007ffcefea0000 - 0x00007ffcefea9000 	C:\Windows\System32\NSI.dll
0x00007ffce6360000 - 0x00007ffce6379000 	C:\Windows\SYSTEM32\dhcpcsvc6.DLL
0x00007ffce6260000 - 0x00007ffce627f000 	C:\Windows\SYSTEM32\dhcpcsvc.DLL
0x00007ffcecd60000 - 0x00007ffcece59000 	C:\Windows\SYSTEM32\DNSAPI.dll

dbghelp: loaded successfully - version: 4.0.5 - missing functions: none
symbol engine: initialized successfully - sym options: 0x614 - pdb path: .;C:\Users\SIDDHARTH TIWARI\.p2\pool\plugins\org.eclipse.justj.openjdk.hotspot.jre.full.win32.x86_64_17.0.7.v20230425-1502\jre\bin;C:\Windows\SYSTEM32;C:\Windows\WinSxS\amd64_microsoft.windows.common-controls_6595b64144ccf1df_6.0.22621.2506_none_270c5ae97388e100;C:\Users\SIDDHARTH TIWARI\.p2\pool\plugins\org.eclipse.justj.openjdk.hotspot.jre.full.win32.x86_64_17.0.7.v20230425-1502\jre\bin\server

VM Arguments:
jvm_args: -Dfile.encoding=UTF-8 -XX:+ShowCodeDetailsInExceptionMessages 
java_command: com.gl.todo.ToDoListApplication
java_class_path (initial): C:\springboot\ToDoList\target\classes;C:\Users\SIDDHARTH TIWARI\.m2\repository\org\springframework\boot\spring-boot-starter-data-jpa\3.2.2\spring-boot-starter-data-jpa-3.2.2.jar;C:\Users\SIDDHARTH TIWARI\.m2\repository\org\springframework\boot\spring-boot-starter-aop\3.2.2\spring-boot-starter-aop-3.2.2.jar;C:\Users\SIDDHARTH TIWARI\.m2\repository\org\springframework\spring-aop\6.1.3\spring-aop-6.1.3.jar;C:\Users\SIDDHARTH TIWARI\.m2\repository\org\aspectj\aspectjweaver\1.9.21\aspectjweaver-1.9.21.jar;C:\Users\SIDDHARTH TIWARI\.m2\repository\org\springframework\boot\spring-boot-starter-jdbc\3.2.2\spring-boot-starter-jdbc-3.2.2.jar;C:\Users\SIDDHARTH TIWARI\.m2\repository\com\zaxxer\HikariCP\5.0.1\HikariCP-5.0.1.jar;C:\Users\SIDDHARTH TIWARI\.m2\repository\org\springframework\spring-jdbc\6.1.3\spring-jdbc-6.1.3.jar;C:\Users\SIDDHARTH TIWARI\.m2\repository\org\hibernate\orm\hibernate-core\6.4.1.Final\hibernate-core-6.4.1.Final.jar;C:\Users\SIDDHARTH TIWARI\.m2\repository\jakarta\persistence\jakarta.persistence-api\3.1.0\jakarta.persistence-api-3.1.0.jar;C:\Users\SIDDHARTH TIWARI\.m2\repository\jakarta\transaction\jakarta.transaction-api\2.0.1\jakarta.transaction-api-2.0.1.jar;C:\Users\SIDDHARTH TIWARI\.m2\repository\org\jboss\logging\jboss-logging\3.5.3.Final\jboss-logging-3.5.3.Final.jar;C:\Users\SIDDHARTH TIWARI\.m2\repository\org\hibernate\common\hibernate-commons-annotations\6.0.6.Final\hibernate-commons-annotations-6.0.6.Final.jar;C:\Users\SIDDHARTH TIWARI\.m2\repository\io\smallrye\jandex\3.1.2\jandex-3.1.2.jar;C:\Users\SIDDHARTH TIWARI\.m2\repository\com\fasterxml\classmate\1.6.0\classmate-1.6.0.jar;C:\Users\SIDDHARTH TIWARI\.m2\repository\net\bytebuddy\byte-buddy\1.14.11\byte-buddy-1.14.11.jar;C:\Users\SIDDHARTH TIWARI\.m2\repository\org\glassfish\jaxb\jaxb-runtime\4.0.4\jaxb-runtime-4.0.4.jar;C:\Users\SIDDHARTH TIWARI\.m2\repository\org\glassfish\jaxb\jaxb-core\4.0.4\jaxb-core-4.0.4.jar;C:\Users\SIDDHARTH TIWARI\.m2\repository\org\
Launcher Type: SUN_STANDARD

[Global flags]
     intx CICompilerCount                          = 3                                         {product} {ergonomic}
     uint ConcGCThreads                            = 1                                         {product} {ergonomic}
     uint G1ConcRefinementThreads                  = 4                                         {product} {ergonomic}
   size_t G1HeapRegionSize                         = 1048576                                   {product} {ergonomic}
    uintx GCDrainStackTargetSize                   = 64                                        {product} {ergonomic}
   size_t InitialHeapSize                          = 67108864                                  {product} {ergonomic}
   size_t MarkStackSize                            = 4194304                                   {product} {ergonomic}
   size_t MaxHeapSize                              = 1048576000                                {product} {ergonomic}
   size_t MaxNewSize                               = 629145600                                 {product} {ergonomic}
   size_t MinHeapDeltaBytes                        = 1048576                                   {product} {ergonomic}
   size_t MinHeapSize                              = 8388608                                   {product} {ergonomic}
    uintx NonNMethodCodeHeapSize                   = 5832780                                {pd product} {ergonomic}
    uintx NonProfiledCodeHeapSize                  = 122912730                              {pd product} {ergonomic}
    uintx ProfiledCodeHeapSize                     = 122912730                              {pd product} {ergonomic}
    uintx ReservedCodeCacheSize                    = 251658240                              {pd product} {ergonomic}
     bool SegmentedCodeCache                       = true                                      {product} {ergonomic}
     bool ShowCodeDetailsInExceptionMessages       = true                                   {manageable} {command line}
   size_t SoftMaxHeapSize                          = 1048576000                             {manageable} {ergonomic}
     bool UseCompressedClassPointers               = true                           {product lp64_product} {ergonomic}
     bool UseCompressedOops                        = true                           {product lp64_product} {ergonomic}
     bool UseG1GC                                  = true                                      {product} {ergonomic}
     bool UseLargePagesIndividualAllocation        = false                                  {pd product} {ergonomic}

Logging:
Log output configuration:
 #0: stdout all=warning uptime,level,tags
 #1: stderr all=off uptime,level,tags

Environment Variables:
PATH=C:/Users/SIDDHARTH TIWARI/.p2/pool/plugins/org.eclipse.justj.openjdk.hotspot.jre.full.win32.x86_64_17.0.7.v20230425-1502/jre/bin/server;C:/Users/SIDDHARTH TIWARI/.p2/pool/plugins/org.eclipse.justj.openjdk.hotspot.jre.full.win32.x86_64_17.0.7.v20230425-1502/jre/bin;C:\Program Files (x86)\Common Files\Oracle\Java\javapath;C:\oraclexe\app\oracle\product\10.2.0\server\bin;C:\Windows\system32;C:\Windows;C:\Windows\System32\Wbem;C:\Windows\System32\WindowsPowerShell\v1.0\;C:\Windows\System32\OpenSSH\;C:\Program Files\Java\jdk1.8.0_202\bin;C:\Program Files\MySQL\MySQL Server 8.0\bin;C:\Users\SIDDHARTH TIWARI\Downloads\apache-maven-3.9.5-bin\apache-maven-3.9.5\bin;C:\Program Files\nodejs\;C:\Program Files\MySQL\MySQL Shell 8.0\bin\;C:\Users\SIDDHARTH TIWARI\AppData\Local\Microsoft\WindowsApps;C:\Program Files\Java\jdk1.8.0_202\bin;C:\Users\SIDDHARTH TIWARI\Downloads\apache-maven-3.9.5-bin\apache-maven-3.9.5\bin;;C:\Users\SIDDHARTH TIWARI\AppData\Local\Programs\Microsoft VS Code\bin;C:\Users\SIDDHARTH TIWARI\AppData\Roaming\npm;C:\Users\SIDDHARTH TIWARI\Desktop;
USERNAME=SIDDHARTH TIWARI
OS=Windows_NT
PROCESSOR_IDENTIFIER=Intel64 Family 6 Model 142 Stepping 9, GenuineIntel
TMP=C:\Users\SIDDHA~1\AppData\Local\Temp
TEMP=C:\Users\SIDDHA~1\AppData\Local\Temp



---------------  S Y S T E M  ---------------

OS:
 Windows 11 , 64 bit Build 22621 (10.0.22621.3085)
OS uptime: 10 days 16:31 hours

CPU: total 4 (initial active 4) (2 cores per cpu, 2 threads per core) family 6 model 142 stepping 9 microcode 0xde, cx8, cmov, fxsr, ht, mmx, 3dnowpref, sse, sse2, sse3, ssse3, sse4.1, sse4.2, popcnt, lzcnt, tsc, tscinvbit, avx, avx2, aes, erms, clmul, bmi1, bmi2, adx, fma, vzeroupper, clflush, clflushopt

Memory: 4k page, system-wide physical 3994M (232M free)
TotalPageFile size 12929M (AvailPageFile size 3M)
current process WorkingSet (physical memory assigned to process): 149M, peak: 149M
current process commit charge ("private bytes"): 174M, peak: 174M

vm_info: OpenJDK 64-Bit Server VM (17.0.7+7) for windows-amd64 JRE (17.0.7+7), built on Apr 18 2023 22:10:42 by "temurin" with MS VC++ 16.7 (VS2019)

END.
